<?xml version="1.0" encoding="UTF-8"?>
<coverage generated="1642543401814" clover="3.2.0">
  <project timestamp="1642543401814" name="All files">
    <metrics statements="412" coveredstatements="356" conditionals="107" coveredconditionals="67" methods="143" coveredmethods="100" elements="662" coveredelements="523" complexity="0" loc="412" ncloc="412" packages="6" files="22" classes="22">
      <package name="API">
        <metrics statements="1" coveredstatements="1" conditionals="0" coveredconditionals="0" methods="0" coveredmethods="0"/>
        <file name="knexfile.js" path="D:\IPCA\2o Ano\Projeto final\Crypto-Challenge-BackEnd\API\knexfile.js">
          <metrics statements="1" coveredstatements="1" conditionals="0" coveredconditionals="0" methods="0" coveredmethods="0"/>
          <line num="1" count="9" type="stmt"/>
        </file>
      </package>
      <package name="API.src">
        <metrics statements="18" coveredstatements="15" conditionals="4" coveredconditionals="1" methods="2" coveredmethods="2"/>
        <file name="app.js" path="D:\IPCA\2o Ano\Projeto final\Crypto-Challenge-BackEnd\API\src\app.js">
          <metrics statements="18" coveredstatements="15" conditionals="4" coveredconditionals="1" methods="2" coveredmethods="2"/>
          <line num="1" count="9" type="stmt"/>
          <line num="2" count="9" type="stmt"/>
          <line num="3" count="9" type="stmt"/>
          <line num="5" count="9" type="stmt"/>
          <line num="6" count="9" type="stmt"/>
          <line num="8" count="9" type="stmt"/>
          <line num="9" count="9" type="stmt"/>
          <line num="19" count="9" type="stmt"/>
          <line num="27" count="9" type="stmt"/>
          <line num="28" count="1" type="stmt"/>
          <line num="31" count="9" type="stmt"/>
          <line num="32" count="18" type="stmt"/>
          <line num="33" count="18" type="cond" truecount="1" falsecount="1"/>
          <line num="34" count="0" type="cond" truecount="0" falsecount="2"/>
          <line num="36" count="0" type="stmt"/>
          <line num="37" count="0" type="stmt"/>
          <line num="39" count="18" type="stmt"/>
          <line num="42" count="9" type="stmt"/>
        </file>
      </package>
      <package name="API.src.config">
        <metrics statements="29" coveredstatements="27" conditionals="2" coveredconditionals="1" methods="7" coveredmethods="6"/>
        <file name="middlewares.js" path="D:\IPCA\2o Ano\Projeto final\Crypto-Challenge-BackEnd\API\src\config\middlewares.js">
          <metrics statements="3" coveredstatements="3" conditionals="0" coveredconditionals="0" methods="1" coveredmethods="1"/>
          <line num="1" count="9" type="stmt"/>
          <line num="3" count="9" type="stmt"/>
          <line num="4" count="9" type="stmt"/>
        </file>
        <file name="passport.js" path="D:\IPCA\2o Ano\Projeto final\Crypto-Challenge-BackEnd\API\src\config\passport.js">
          <metrics statements="14" coveredstatements="12" conditionals="2" coveredconditionals="1" methods="5" coveredmethods="4"/>
          <line num="1" count="9" type="stmt"/>
          <line num="2" count="9" type="stmt"/>
          <line num="4" count="9" type="stmt"/>
          <line num="6" count="9" type="stmt"/>
          <line num="8" count="9" type="stmt"/>
          <line num="9" count="9" type="stmt"/>
          <line num="14" count="9" type="stmt"/>
          <line num="15" count="43" type="stmt"/>
          <line num="17" count="43" type="cond" truecount="1" falsecount="1"/>
          <line num="18" count="0" type="stmt"/>
          <line num="19" count="0" type="stmt"/>
          <line num="22" count="9" type="stmt"/>
          <line num="24" count="9" type="stmt"/>
          <line num="25" count="9" type="stmt"/>
        </file>
        <file name="router.js" path="D:\IPCA\2o Ano\Projeto final\Crypto-Challenge-BackEnd\API\src\config\router.js">
          <metrics statements="12" coveredstatements="12" conditionals="0" coveredconditionals="0" methods="1" coveredmethods="1"/>
          <line num="1" count="9" type="stmt"/>
          <line num="3" count="9" type="stmt"/>
          <line num="4" count="9" type="stmt"/>
          <line num="6" count="9" type="stmt"/>
          <line num="8" count="9" type="stmt"/>
          <line num="9" count="9" type="stmt"/>
          <line num="10" count="9" type="stmt"/>
          <line num="11" count="9" type="stmt"/>
          <line num="12" count="9" type="stmt"/>
          <line num="13" count="9" type="stmt"/>
          <line num="14" count="9" type="stmt"/>
          <line num="16" count="9" type="stmt"/>
        </file>
      </package>
      <package name="API.src.errors">
        <metrics statements="6" coveredstatements="4" conditionals="1" coveredconditionals="0" methods="2" coveredmethods="1"/>
        <file name="forbiddenError.js" path="D:\IPCA\2o Ano\Projeto final\Crypto-Challenge-BackEnd\API\src\errors\forbiddenError.js">
          <metrics statements="3" coveredstatements="1" conditionals="1" coveredconditionals="0" methods="1" coveredmethods="0"/>
          <line num="1" count="9" type="cond" truecount="0" falsecount="1"/>
          <line num="2" count="0" type="stmt"/>
          <line num="3" count="0" type="stmt"/>
        </file>
        <file name="validationError.js" path="D:\IPCA\2o Ano\Projeto final\Crypto-Challenge-BackEnd\API\src\errors\validationError.js">
          <metrics statements="3" coveredstatements="3" conditionals="0" coveredconditionals="0" methods="1" coveredmethods="1"/>
          <line num="1" count="9" type="stmt"/>
          <line num="2" count="18" type="stmt"/>
          <line num="3" count="18" type="stmt"/>
        </file>
      </package>
      <package name="API.src.routes">
        <metrics statements="179" coveredstatements="139" conditionals="18" coveredconditionals="9" methods="91" coveredmethods="56"/>
        <file name="auths.js" path="D:\IPCA\2o Ano\Projeto final\Crypto-Challenge-BackEnd\API\src\routes\auths.js">
          <metrics statements="22" coveredstatements="21" conditionals="4" coveredconditionals="4" methods="5" coveredmethods="5"/>
          <line num="1" count="9" type="stmt"/>
          <line num="2" count="9" type="stmt"/>
          <line num="3" count="9" type="stmt"/>
          <line num="4" count="9" type="stmt"/>
          <line num="6" count="9" type="stmt"/>
          <line num="8" count="9" type="stmt"/>
          <line num="9" count="9" type="stmt"/>
          <line num="11" count="9" type="stmt"/>
          <line num="12" count="3" type="stmt"/>
          <line num="14" count="3" type="cond" truecount="2" falsecount="0"/>
          <line num="15" count="2" type="cond" truecount="2" falsecount="0"/>
          <line num="16" count="1" type="stmt"/>
          <line num="20" count="1" type="stmt"/>
          <line num="21" count="1" type="stmt"/>
          <line num="22" count="1" type="stmt"/>
          <line num="23" count="2" type="stmt"/>
          <line num="26" count="9" type="stmt"/>
          <line num="27" count="1" type="stmt"/>
          <line num="28" count="1" type="stmt"/>
          <line num="29" count="1" type="stmt"/>
          <line num="31" count="0" type="stmt"/>
          <line num="35" count="9" type="stmt"/>
        </file>
        <file name="cryptos.js" path="D:\IPCA\2o Ano\Projeto final\Crypto-Challenge-BackEnd\API\src\routes\cryptos.js">
          <metrics statements="29" coveredstatements="24" conditionals="0" coveredconditionals="0" methods="17" coveredmethods="12"/>
          <line num="1" count="9" type="stmt"/>
          <line num="3" count="9" type="stmt"/>
          <line num="4" count="9" type="stmt"/>
          <line num="6" count="9" type="stmt"/>
          <line num="7" count="1" type="stmt"/>
          <line num="8" count="1" type="stmt"/>
          <line num="9" count="0" type="stmt"/>
          <line num="12" count="9" type="stmt"/>
          <line num="13" count="1" type="stmt"/>
          <line num="15" count="1" type="stmt"/>
          <line num="17" count="0" type="stmt"/>
          <line num="20" count="9" type="stmt"/>
          <line num="21" count="1" type="stmt"/>
          <line num="23" count="1" type="stmt"/>
          <line num="25" count="0" type="stmt"/>
          <line num="28" count="9" type="stmt"/>
          <line num="29" count="2" type="stmt"/>
          <line num="30" count="2" type="stmt"/>
          <line num="31" count="1" type="stmt"/>
          <line num="33" count="1" type="stmt"/>
          <line num="37" count="9" type="stmt"/>
          <line num="38" count="1" type="stmt"/>
          <line num="39" count="1" type="stmt"/>
          <line num="40" count="0" type="stmt"/>
          <line num="43" count="9" type="stmt"/>
          <line num="44" count="1" type="stmt"/>
          <line num="45" count="1" type="stmt"/>
          <line num="46" count="0" type="stmt"/>
          <line num="49" count="9" type="stmt"/>
        </file>
        <file name="gameWallet.js" path="D:\IPCA\2o Ano\Projeto final\Crypto-Challenge-BackEnd\API\src\routes\gameWallet.js">
          <metrics statements="16" coveredstatements="12" conditionals="4" coveredconditionals="2" methods="8" coveredmethods="5"/>
          <line num="1" count="9" type="stmt"/>
          <line num="2" count="9" type="stmt"/>
          <line num="4" count="9" type="stmt"/>
          <line num="5" count="9" type="stmt"/>
          <line num="7" count="9" type="stmt"/>
          <line num="8" count="0" type="stmt"/>
          <line num="10" count="0" type="cond" truecount="0" falsecount="2"/>
          <line num="11" count="0" type="stmt"/>
          <line num="12" count="0" type="stmt"/>
          <line num="16" count="9" type="stmt"/>
          <line num="17" count="2" type="stmt"/>
          <line num="19" count="2" type="cond" truecount="2" falsecount="0"/>
          <line num="20" count="1" type="stmt"/>
          <line num="22" count="2" type="stmt"/>
          <line num="23" count="1" type="stmt"/>
          <line num="26" count="9" type="stmt"/>
        </file>
        <file name="games.js" path="D:\IPCA\2o Ano\Projeto final\Crypto-Challenge-BackEnd\API\src\routes\games.js">
          <metrics statements="26" coveredstatements="17" conditionals="0" coveredconditionals="0" methods="14" coveredmethods="6"/>
          <line num="1" count="9" type="stmt"/>
          <line num="2" count="9" type="stmt"/>
          <line num="4" count="9" type="stmt"/>
          <line num="5" count="9" type="stmt"/>
          <line num="7" count="9" type="stmt"/>
          <line num="8" count="0" type="stmt"/>
          <line num="9" count="0" type="stmt"/>
          <line num="10" count="0" type="stmt"/>
          <line num="13" count="9" type="stmt"/>
          <line num="14" count="1" type="stmt"/>
          <line num="15" count="1" type="stmt"/>
          <line num="16" count="1" type="stmt"/>
          <line num="18" count="0" type="stmt"/>
          <line num="22" count="9" type="stmt"/>
          <line num="23" count="1" type="stmt"/>
          <line num="25" count="1" type="stmt"/>
          <line num="27" count="0" type="stmt"/>
          <line num="30" count="9" type="stmt"/>
          <line num="31" count="0" type="stmt"/>
          <line num="32" count="0" type="stmt"/>
          <line num="33" count="0" type="stmt"/>
          <line num="36" count="9" type="stmt"/>
          <line num="37" count="1" type="stmt"/>
          <line num="38" count="1" type="stmt"/>
          <line num="39" count="0" type="stmt"/>
          <line num="42" count="9" type="stmt"/>
        </file>
        <file name="gamesUsers.js" path="D:\IPCA\2o Ano\Projeto final\Crypto-Challenge-BackEnd\API\src\routes\gamesUsers.js">
          <metrics statements="18" coveredstatements="10" conditionals="2" coveredconditionals="0" methods="10" coveredmethods="3"/>
          <line num="1" count="9" type="stmt"/>
          <line num="2" count="9" type="stmt"/>
          <line num="4" count="9" type="stmt"/>
          <line num="5" count="9" type="stmt"/>
          <line num="7" count="9" type="stmt"/>
          <line num="8" count="0" type="stmt"/>
          <line num="10" count="0" type="cond" truecount="0" falsecount="2"/>
          <line num="11" count="0" type="stmt"/>
          <line num="12" count="0" type="stmt"/>
          <line num="15" count="9" type="stmt"/>
          <line num="16" count="1" type="stmt"/>
          <line num="18" count="1" type="stmt"/>
          <line num="20" count="0" type="stmt"/>
          <line num="23" count="9" type="stmt"/>
          <line num="24" count="0" type="stmt"/>
          <line num="25" count="0" type="stmt"/>
          <line num="26" count="0" type="stmt"/>
          <line num="29" count="9" type="stmt"/>
        </file>
        <file name="leaderboards.js" path="D:\IPCA\2o Ano\Projeto final\Crypto-Challenge-BackEnd\API\src\routes\leaderboards.js">
          <metrics statements="14" coveredstatements="12" conditionals="2" coveredconditionals="1" methods="7" coveredmethods="5"/>
          <line num="1" count="9" type="stmt"/>
          <line num="2" count="9" type="stmt"/>
          <line num="4" count="9" type="stmt"/>
          <line num="5" count="9" type="stmt"/>
          <line num="7" count="9" type="stmt"/>
          <line num="8" count="1" type="stmt"/>
          <line num="10" count="1" type="cond" truecount="1" falsecount="1"/>
          <line num="11" count="1" type="stmt"/>
          <line num="12" count="0" type="stmt"/>
          <line num="15" count="9" type="stmt"/>
          <line num="16" count="1" type="stmt"/>
          <line num="19" count="1" type="stmt"/>
          <line num="21" count="0" type="stmt"/>
          <line num="24" count="9" type="stmt"/>
        </file>
        <file name="transactions.js" path="D:\IPCA\2o Ano\Projeto final\Crypto-Challenge-BackEnd\API\src\routes\transactions.js">
          <metrics statements="22" coveredstatements="16" conditionals="2" coveredconditionals="0" methods="13" coveredmethods="8"/>
          <line num="1" count="9" type="stmt"/>
          <line num="2" count="9" type="stmt"/>
          <line num="4" count="9" type="stmt"/>
          <line num="5" count="9" type="stmt"/>
          <line num="7" count="9" type="stmt"/>
          <line num="8" count="0" type="stmt"/>
          <line num="10" count="0" type="cond" truecount="0" falsecount="2"/>
          <line num="11" count="0" type="stmt"/>
          <line num="12" count="0" type="stmt"/>
          <line num="15" count="9" type="stmt"/>
          <line num="16" count="14" type="stmt"/>
          <line num="17" count="6" type="stmt"/>
          <line num="18" count="8" type="stmt"/>
          <line num="21" count="9" type="stmt"/>
          <line num="22" count="1" type="stmt"/>
          <line num="24" count="1" type="stmt"/>
          <line num="26" count="0" type="stmt"/>
          <line num="29" count="9" type="stmt"/>
          <line num="30" count="1" type="stmt"/>
          <line num="32" count="1" type="stmt"/>
          <line num="34" count="0" type="stmt"/>
          <line num="37" count="9" type="stmt"/>
        </file>
        <file name="users.js" path="D:\IPCA\2o Ano\Projeto final\Crypto-Challenge-BackEnd\API\src\routes\users.js">
          <metrics statements="32" coveredstatements="27" conditionals="4" coveredconditionals="2" methods="17" coveredmethods="12"/>
          <line num="1" count="9" type="stmt"/>
          <line num="2" count="9" type="stmt"/>
          <line num="4" count="9" type="stmt"/>
          <line num="5" count="9" type="stmt"/>
          <line num="7" count="9" type="stmt"/>
          <line num="8" count="3" type="stmt"/>
          <line num="10" count="3" type="cond" truecount="1" falsecount="1"/>
          <line num="11" count="3" type="stmt"/>
          <line num="12" count="0" type="stmt"/>
          <line num="15" count="9" type="stmt"/>
          <line num="16" count="1" type="stmt"/>
          <line num="17" count="1" type="stmt"/>
          <line num="18" count="0" type="stmt"/>
          <line num="21" count="9" type="stmt"/>
          <line num="22" count="9" type="stmt"/>
          <line num="23" count="9" type="stmt"/>
          <line num="24" count="2" type="stmt"/>
          <line num="26" count="7" type="stmt"/>
          <line num="30" count="9" type="stmt"/>
          <line num="31" count="1" type="stmt"/>
          <line num="33" count="1" type="cond" truecount="1" falsecount="1"/>
          <line num="34" count="1" type="stmt"/>
          <line num="36" count="0" type="stmt"/>
          <line num="39" count="9" type="stmt"/>
          <line num="40" count="1" type="stmt"/>
          <line num="41" count="1" type="stmt"/>
          <line num="42" count="0" type="stmt"/>
          <line num="45" count="9" type="stmt"/>
          <line num="46" count="1" type="stmt"/>
          <line num="47" count="1" type="stmt"/>
          <line num="48" count="0" type="stmt"/>
          <line num="51" count="9" type="stmt"/>
        </file>
      </package>
      <package name="API.src.services">
        <metrics statements="179" coveredstatements="170" conditionals="82" coveredconditionals="56" methods="41" coveredmethods="35"/>
        <file name="crypto.js" path="D:\IPCA\2o Ano\Projeto final\Crypto-Challenge-BackEnd\API\src\services\crypto.js">
          <metrics statements="32" coveredstatements="32" conditionals="10" coveredconditionals="6" methods="7" coveredmethods="7"/>
          <line num="1" count="9" type="stmt"/>
          <line num="2" count="9" type="stmt"/>
          <line num="9" count="9" type="stmt"/>
          <line num="10" count="9" type="cond" truecount="1" falsecount="0"/>
          <line num="11" count="9" type="stmt"/>
          <line num="14" count="9" type="cond" truecount="0" falsecount="1"/>
          <line num="15" count="6" type="stmt"/>
          <line num="18" count="9" type="stmt"/>
          <line num="19" count="4" type="cond" truecount="1" falsecount="1"/>
          <line num="21" count="4" type="stmt"/>
          <line num="22" count="4" type="cond" truecount="2" falsecount="0"/>
          <line num="24" count="3" type="stmt"/>
          <line num="27" count="9" type="stmt"/>
          <line num="28" count="1" type="stmt"/>
          <line num="33" count="9" type="stmt"/>
          <line num="34" count="1" type="stmt"/>
          <line num="35" count="1" type="cond" truecount="1" falsecount="1"/>
          <line num="37" count="1" type="stmt"/>
          <line num="42" count="9" type="stmt"/>
          <line num="43" count="1" type="stmt"/>
          <line num="44" count="1" type="cond" truecount="1" falsecount="1"/>
          <line num="47" count="1" type="stmt"/>
          <line num="48" count="1" type="stmt"/>
          <line num="49" count="1" type="stmt"/>
          <line num="50" count="1" type="stmt"/>
          <line num="51" count="1" type="stmt"/>
          <line num="52" count="1" type="stmt"/>
          <line num="54" count="1" type="stmt"/>
          <line num="55" count="4" type="stmt"/>
          <line num="61" count="4" type="stmt"/>
          <line num="64" count="1" type="stmt"/>
          <line num="67" count="9" type="stmt"/>
        </file>
        <file name="game.js" path="D:\IPCA\2o Ano\Projeto final\Crypto-Challenge-BackEnd\API\src\services\game.js">
          <metrics statements="28" coveredstatements="24" conditionals="6" coveredconditionals="1" methods="6" coveredmethods="4"/>
          <line num="1" count="9" type="stmt"/>
          <line num="2" count="9" type="stmt"/>
          <line num="3" count="9" type="stmt"/>
          <line num="4" count="9" type="stmt"/>
          <line num="5" count="9" type="stmt"/>
          <line num="8" count="9" type="stmt"/>
          <line num="9" count="9" type="cond" truecount="0" falsecount="1"/>
          <line num="10" count="0" type="stmt"/>
          <line num="13" count="9" type="cond" truecount="0" falsecount="1"/>
          <line num="14" count="2" type="stmt"/>
          <line num="17" count="9" type="stmt"/>
          <line num="19" count="7" type="cond" truecount="1" falsecount="1"/>
          <line num="22" count="7" type="stmt"/>
          <line num="23" count="7" type="stmt"/>
          <line num="24" count="7" type="stmt"/>
          <line num="25" count="7" type="stmt"/>
          <line num="27" count="7" type="stmt"/>
          <line num="28" count="7" type="stmt"/>
          <line num="29" count="7" type="stmt"/>
          <line num="30" count="7" type="stmt"/>
          <line num="32" count="7" type="stmt"/>
          <line num="35" count="9" type="stmt"/>
          <line num="36" count="1" type="stmt"/>
          <line num="41" count="9" type="stmt"/>
          <line num="42" count="0" type="stmt"/>
          <line num="43" count="0" type="cond" truecount="0" falsecount="2"/>
          <line num="45" count="0" type="stmt"/>
          <line num="50" count="9" type="stmt"/>
        </file>
        <file name="gameUser.js" path="D:\IPCA\2o Ano\Projeto final\Crypto-Challenge-BackEnd\API\src\services\gameUser.js">
          <metrics statements="32" coveredstatements="31" conditionals="13" coveredconditionals="7" methods="7" coveredmethods="6"/>
          <line num="1" count="9" type="stmt"/>
          <line num="2" count="9" type="stmt"/>
          <line num="3" count="9" type="stmt"/>
          <line num="5" count="9" type="stmt"/>
          <line num="6" count="9" type="cond" truecount="0" falsecount="1"/>
          <line num="7" count="0" type="stmt"/>
          <line num="10" count="9" type="cond" truecount="0" falsecount="1"/>
          <line num="11" count="1" type="stmt"/>
          <line num="14" count="9" type="cond" truecount="0" falsecount="1"/>
          <line num="15" count="18" type="stmt"/>
          <line num="18" count="9" type="stmt"/>
          <line num="21" count="8" type="cond" truecount="1" falsecount="1"/>
          <line num="22" count="8" type="cond" truecount="1" falsecount="1"/>
          <line num="24" count="8" type="stmt"/>
          <line num="25" count="8" type="cond" truecount="1" falsecount="1"/>
          <line num="28" count="8" type="stmt"/>
          <line num="30" count="8" type="stmt"/>
          <line num="32" count="8" type="stmt"/>
          <line num="33" count="90" type="stmt"/>
          <line num="35" count="8" type="stmt"/>
          <line num="39" count="9" type="stmt"/>
          <line num="40" count="7" type="stmt"/>
          <line num="41" count="7" type="stmt"/>
          <line num="44" count="7" type="cond" truecount="2" falsecount="0"/>
          <line num="45" count="2" type="stmt"/>
          <line num="48" count="5" type="cond" truecount="2" falsecount="0"/>
          <line num="49" count="4" type="stmt"/>
          <line num="52" count="6" type="stmt"/>
          <line num="58" count="9" type="stmt"/>
          <line num="59" count="7" type="stmt"/>
          <line num="60" count="7" type="stmt"/>
          <line num="72" count="9" type="stmt"/>
        </file>
        <file name="gameWallet.js" path="D:\IPCA\2o Ano\Projeto final\Crypto-Challenge-BackEnd\API\src\services\gameWallet.js">
          <metrics statements="23" coveredstatements="22" conditionals="10" coveredconditionals="5" methods="6" coveredmethods="5"/>
          <line num="1" count="9" type="stmt"/>
          <line num="3" count="9" type="stmt"/>
          <line num="4" count="9" type="cond" truecount="0" falsecount="1"/>
          <line num="5" count="0" type="stmt"/>
          <line num="8" count="9" type="cond" truecount="0" falsecount="1"/>
          <line num="9" count="6" type="stmt"/>
          <line num="13" count="9" type="stmt"/>
          <line num="14" count="1" type="stmt"/>
          <line num="19" count="1" type="stmt"/>
          <line num="20" count="1" type="stmt"/>
          <line num="23" count="9" type="stmt"/>
          <line num="24" count="90" type="cond" truecount="1" falsecount="1"/>
          <line num="25" count="90" type="cond" truecount="1" falsecount="1"/>
          <line num="30" count="90" type="stmt"/>
          <line num="34" count="9" type="stmt"/>
          <line num="35" count="6" type="stmt"/>
          <line num="36" count="6" type="stmt"/>
          <line num="39" count="6" type="cond" truecount="2" falsecount="0"/>
          <line num="40" count="4" type="stmt"/>
          <line num="43" count="2" type="cond" truecount="1" falsecount="1"/>
          <line num="44" count="2" type="stmt"/>
          <line num="47" count="6" type="stmt"/>
          <line num="68" count="9" type="stmt"/>
        </file>
        <file name="leaderboard.js" path="D:\IPCA\2o Ano\Projeto final\Crypto-Challenge-BackEnd\API\src\services\leaderboard.js">
          <metrics statements="5" coveredstatements="5" conditionals="1" coveredconditionals="0" methods="2" coveredmethods="2"/>
          <line num="1" count="9" type="stmt"/>
          <line num="3" count="9" type="stmt"/>
          <line num="4" count="9" type="cond" truecount="0" falsecount="1"/>
          <line num="5" count="1" type="stmt"/>
          <line num="40" count="9" type="stmt"/>
        </file>
        <file name="transaction.js" path="D:\IPCA\2o Ano\Projeto final\Crypto-Challenge-BackEnd\API\src\services\transaction.js">
          <metrics statements="29" coveredstatements="26" conditionals="24" coveredconditionals="21" methods="6" coveredmethods="4"/>
          <line num="1" count="9" type="stmt"/>
          <line num="3" count="9" type="stmt"/>
          <line num="6" count="9" type="cond" truecount="0" falsecount="1"/>
          <line num="9" count="1" type="stmt"/>
          <line num="10" count="1" type="stmt"/>
          <line num="11" count="1" type="stmt"/>
          <line num="12" count="2" type="stmt"/>
          <line num="15" count="1" type="stmt"/>
          <line num="20" count="9" type="cond" truecount="0" falsecount="1"/>
          <line num="21" count="1" type="stmt"/>
          <line num="26" count="9" type="stmt"/>
          <line num="27" count="14" type="cond" truecount="2" falsecount="0"/>
          <line num="28" count="13" type="cond" truecount="2" falsecount="0"/>
          <line num="29" count="12" type="cond" truecount="2" falsecount="0"/>
          <line num="30" count="11" type="cond" truecount="2" falsecount="0"/>
          <line num="31" count="10" type="cond" truecount="2" falsecount="0"/>
          <line num="32" count="9" type="cond" truecount="2" falsecount="0"/>
          <line num="33" count="8" type="cond" truecount="4" falsecount="0"/>
          <line num="36" count="7" type="stmt"/>
          <line num="38" count="6" type="stmt"/>
          <line num="40" count="6" type="stmt"/>
          <line num="41" count="6" type="cond" truecount="5" falsecount="1"/>
          <line num="43" count="0" type="stmt"/>
          <line num="46" count="6" type="stmt"/>
          <line num="50" count="9" type="stmt"/>
          <line num="51" count="0" type="stmt"/>
          <line num="56" count="9" type="stmt"/>
          <line num="57" count="0" type="stmt"/>
          <line num="62" count="9" type="stmt"/>
        </file>
        <file name="user.js" path="D:\IPCA\2o Ano\Projeto final\Crypto-Challenge-BackEnd\API\src\services\user.js">
          <metrics statements="30" coveredstatements="30" conditionals="18" coveredconditionals="16" methods="7" coveredmethods="7"/>
          <line num="1" count="9" type="stmt"/>
          <line num="2" count="9" type="stmt"/>
          <line num="4" count="9" type="stmt"/>
          <line num="5" count="9" type="cond" truecount="1" falsecount="0"/>
          <line num="6" count="1" type="stmt"/>
          <line num="9" count="9" type="cond" truecount="0" falsecount="1"/>
          <line num="10" count="81" type="stmt"/>
          <line num="13" count="9" type="stmt"/>
          <line num="14" count="13" type="stmt"/>
          <line num="15" count="13" type="stmt"/>
          <line num="18" count="9" type="stmt"/>
          <line num="19" count="20" type="cond" truecount="2" falsecount="0"/>
          <line num="20" count="19" type="cond" truecount="2" falsecount="0"/>
          <line num="21" count="18" type="cond" truecount="2" falsecount="0"/>
          <line num="22" count="17" type="cond" truecount="2" falsecount="0"/>
          <line num="23" count="16" type="cond" truecount="2" falsecount="0"/>
          <line num="25" count="15" type="stmt"/>
          <line num="26" count="15" type="cond" truecount="2" falsecount="0"/>
          <line num="28" count="14" type="stmt"/>
          <line num="29" count="14" type="cond" truecount="2" falsecount="0"/>
          <line num="31" count="13" type="stmt"/>
          <line num="32" count="13" type="stmt"/>
          <line num="33" count="13" type="stmt"/>
          <line num="36" count="9" type="stmt"/>
          <line num="37" count="1" type="stmt"/>
          <line num="38" count="1" type="cond" truecount="1" falsecount="1"/>
          <line num="40" count="1" type="stmt"/>
          <line num="45" count="9" type="stmt"/>
          <line num="46" count="1" type="stmt"/>
          <line num="51" count="9" type="stmt"/>
        </file>
      </package>
    </metrics>
  </project>
</coverage>
