<?xml version="1.0" encoding="UTF-8"?>
<coverage generated="1642994046656" clover="3.2.0">
  <project timestamp="1642994046656" name="All files">
    <metrics statements="403" coveredstatements="378" conditionals="114" coveredconditionals="92" methods="133" coveredmethods="113" elements="650" coveredelements="583" complexity="0" loc="403" ncloc="403" packages="6" files="22" classes="22">
      <package name="API">
        <metrics statements="1" coveredstatements="1" conditionals="0" coveredconditionals="0" methods="0" coveredmethods="0"/>
        <file name="knexfile.js" path="D:\IPCA\2o Ano\Projeto final\Crypto-Challenge-BackEnd\API\knexfile.js">
          <metrics statements="1" coveredstatements="1" conditionals="0" coveredconditionals="0" methods="0" coveredmethods="0"/>
          <line num="1" count="9" type="stmt"/>
        </file>
      </package>
      <package name="API.src">
        <metrics statements="17" coveredstatements="16" conditionals="4" coveredconditionals="3" methods="2" coveredmethods="2"/>
        <file name="app.js" path="D:\IPCA\2o Ano\Projeto final\Crypto-Challenge-BackEnd\API\src\app.js">
          <metrics statements="17" coveredstatements="16" conditionals="4" coveredconditionals="3" methods="2" coveredmethods="2"/>
          <line num="1" count="9" type="stmt"/>
          <line num="2" count="9" type="stmt"/>
          <line num="3" count="9" type="stmt"/>
          <line num="5" count="9" type="stmt"/>
          <line num="6" count="9" type="stmt"/>
          <line num="8" count="9" type="stmt"/>
          <line num="9" count="9" type="stmt"/>
          <line num="19" count="9" type="stmt"/>
          <line num="27" count="9" type="stmt"/>
          <line num="28" count="1" type="stmt"/>
          <line num="31" count="9" type="stmt"/>
          <line num="32" count="27" type="stmt"/>
          <line num="33" count="27" type="cond" truecount="2" falsecount="0"/>
          <line num="34" count="4" type="cond" truecount="1" falsecount="1"/>
          <line num="36" count="0" type="stmt"/>
          <line num="38" count="27" type="stmt"/>
          <line num="41" count="9" type="stmt"/>
        </file>
      </package>
      <package name="API.src.config">
        <metrics statements="29" coveredstatements="27" conditionals="2" coveredconditionals="1" methods="7" coveredmethods="6"/>
        <file name="middlewares.js" path="D:\IPCA\2o Ano\Projeto final\Crypto-Challenge-BackEnd\API\src\config\middlewares.js">
          <metrics statements="3" coveredstatements="3" conditionals="0" coveredconditionals="0" methods="1" coveredmethods="1"/>
          <line num="1" count="9" type="stmt"/>
          <line num="3" count="9" type="stmt"/>
          <line num="4" count="9" type="stmt"/>
        </file>
        <file name="passport.js" path="D:\IPCA\2o Ano\Projeto final\Crypto-Challenge-BackEnd\API\src\config\passport.js">
          <metrics statements="14" coveredstatements="12" conditionals="2" coveredconditionals="1" methods="5" coveredmethods="4"/>
          <line num="1" count="9" type="stmt"/>
          <line num="2" count="9" type="stmt"/>
          <line num="4" count="9" type="stmt"/>
          <line num="6" count="9" type="stmt"/>
          <line num="8" count="9" type="stmt"/>
          <line num="9" count="9" type="stmt"/>
          <line num="14" count="9" type="stmt"/>
          <line num="15" count="52" type="stmt"/>
          <line num="17" count="52" type="cond" truecount="1" falsecount="1"/>
          <line num="18" count="0" type="stmt"/>
          <line num="19" count="0" type="stmt"/>
          <line num="22" count="9" type="stmt"/>
          <line num="24" count="9" type="stmt"/>
          <line num="25" count="9" type="stmt"/>
        </file>
        <file name="router.js" path="D:\IPCA\2o Ano\Projeto final\Crypto-Challenge-BackEnd\API\src\config\router.js">
          <metrics statements="12" coveredstatements="12" conditionals="0" coveredconditionals="0" methods="1" coveredmethods="1"/>
          <line num="1" count="9" type="stmt"/>
          <line num="3" count="9" type="stmt"/>
          <line num="4" count="9" type="stmt"/>
          <line num="6" count="9" type="stmt"/>
          <line num="8" count="9" type="stmt"/>
          <line num="9" count="9" type="stmt"/>
          <line num="10" count="9" type="stmt"/>
          <line num="11" count="9" type="stmt"/>
          <line num="12" count="9" type="stmt"/>
          <line num="13" count="9" type="stmt"/>
          <line num="14" count="9" type="stmt"/>
          <line num="16" count="9" type="stmt"/>
        </file>
      </package>
      <package name="API.src.errors">
        <metrics statements="6" coveredstatements="6" conditionals="1" coveredconditionals="1" methods="2" coveredmethods="2"/>
        <file name="forbiddenError.js" path="D:\IPCA\2o Ano\Projeto final\Crypto-Challenge-BackEnd\API\src\errors\forbiddenError.js">
          <metrics statements="3" coveredstatements="3" conditionals="1" coveredconditionals="1" methods="1" coveredmethods="1"/>
          <line num="1" count="9" type="cond" truecount="1" falsecount="0"/>
          <line num="2" count="4" type="stmt"/>
          <line num="3" count="4" type="stmt"/>
        </file>
        <file name="validationError.js" path="D:\IPCA\2o Ano\Projeto final\Crypto-Challenge-BackEnd\API\src\errors\validationError.js">
          <metrics statements="3" coveredstatements="3" conditionals="0" coveredconditionals="0" methods="1" coveredmethods="1"/>
          <line num="1" count="9" type="stmt"/>
          <line num="2" count="25" type="stmt"/>
          <line num="3" count="25" type="stmt"/>
        </file>
      </package>
      <package name="API.src.routes">
        <metrics statements="171" coveredstatements="152" conditionals="18" coveredconditionals="17" methods="84" coveredmethods="67"/>
        <file name="auths.js" path="D:\IPCA\2o Ano\Projeto final\Crypto-Challenge-BackEnd\API\src\routes\auths.js">
          <metrics statements="22" coveredstatements="21" conditionals="4" coveredconditionals="4" methods="5" coveredmethods="5"/>
          <line num="1" count="9" type="stmt"/>
          <line num="2" count="9" type="stmt"/>
          <line num="3" count="9" type="stmt"/>
          <line num="4" count="9" type="stmt"/>
          <line num="6" count="9" type="stmt"/>
          <line num="8" count="9" type="stmt"/>
          <line num="9" count="9" type="stmt"/>
          <line num="11" count="9" type="stmt"/>
          <line num="12" count="3" type="stmt"/>
          <line num="14" count="3" type="cond" truecount="2" falsecount="0"/>
          <line num="15" count="2" type="cond" truecount="2" falsecount="0"/>
          <line num="16" count="1" type="stmt"/>
          <line num="20" count="1" type="stmt"/>
          <line num="21" count="1" type="stmt"/>
          <line num="22" count="1" type="stmt"/>
          <line num="23" count="2" type="stmt"/>
          <line num="26" count="9" type="stmt"/>
          <line num="27" count="1" type="stmt"/>
          <line num="28" count="1" type="stmt"/>
          <line num="29" count="1" type="stmt"/>
          <line num="31" count="0" type="stmt"/>
          <line num="35" count="9" type="stmt"/>
        </file>
        <file name="cryptos.js" path="D:\IPCA\2o Ano\Projeto final\Crypto-Challenge-BackEnd\API\src\routes\cryptos.js">
          <metrics statements="29" coveredstatements="24" conditionals="0" coveredconditionals="0" methods="17" coveredmethods="12"/>
          <line num="1" count="9" type="stmt"/>
          <line num="3" count="9" type="stmt"/>
          <line num="4" count="9" type="stmt"/>
          <line num="6" count="9" type="stmt"/>
          <line num="7" count="1" type="stmt"/>
          <line num="8" count="1" type="stmt"/>
          <line num="9" count="0" type="stmt"/>
          <line num="12" count="9" type="stmt"/>
          <line num="13" count="1" type="stmt"/>
          <line num="15" count="1" type="stmt"/>
          <line num="17" count="0" type="stmt"/>
          <line num="20" count="9" type="stmt"/>
          <line num="21" count="1" type="stmt"/>
          <line num="23" count="1" type="stmt"/>
          <line num="25" count="0" type="stmt"/>
          <line num="28" count="9" type="stmt"/>
          <line num="29" count="2" type="stmt"/>
          <line num="30" count="2" type="stmt"/>
          <line num="31" count="1" type="stmt"/>
          <line num="33" count="1" type="stmt"/>
          <line num="37" count="9" type="stmt"/>
          <line num="38" count="1" type="stmt"/>
          <line num="39" count="1" type="stmt"/>
          <line num="40" count="0" type="stmt"/>
          <line num="43" count="9" type="stmt"/>
          <line num="44" count="1" type="stmt"/>
          <line num="45" count="1" type="stmt"/>
          <line num="46" count="0" type="stmt"/>
          <line num="49" count="9" type="stmt"/>
        </file>
        <file name="gameWallet.js" path="D:\IPCA\2o Ano\Projeto final\Crypto-Challenge-BackEnd\API\src\routes\gameWallet.js">
          <metrics statements="15" coveredstatements="14" conditionals="2" coveredconditionals="2" methods="7" coveredmethods="6"/>
          <line num="1" count="9" type="stmt"/>
          <line num="2" count="9" type="stmt"/>
          <line num="4" count="9" type="stmt"/>
          <line num="5" count="9" type="stmt"/>
          <line num="7" count="9" type="stmt"/>
          <line num="8" count="2" type="stmt"/>
          <line num="10" count="2" type="cond" truecount="2" falsecount="0"/>
          <line num="11" count="1" type="stmt"/>
          <line num="12" count="1" type="stmt"/>
          <line num="16" count="9" type="stmt"/>
          <line num="17" count="1" type="stmt"/>
          <line num="19" count="1" type="stmt"/>
          <line num="20" count="1" type="stmt"/>
          <line num="21" count="0" type="stmt"/>
          <line num="24" count="9" type="stmt"/>
        </file>
        <file name="games.js" path="D:\IPCA\2o Ano\Projeto final\Crypto-Challenge-BackEnd\API\src\routes\games.js">
          <metrics statements="22" coveredstatements="18" conditionals="0" coveredconditionals="0" methods="11" coveredmethods="8"/>
          <line num="1" count="9" type="stmt"/>
          <line num="2" count="9" type="stmt"/>
          <line num="4" count="9" type="stmt"/>
          <line num="5" count="9" type="stmt"/>
          <line num="7" count="9" type="stmt"/>
          <line num="8" count="1" type="stmt"/>
          <line num="9" count="1" type="stmt"/>
          <line num="10" count="0" type="stmt"/>
          <line num="13" count="9" type="stmt"/>
          <line num="14" count="1" type="stmt"/>
          <line num="15" count="1" type="stmt"/>
          <line num="16" count="1" type="stmt"/>
          <line num="18" count="0" type="stmt"/>
          <line num="22" count="9" type="stmt"/>
          <line num="23" count="1" type="stmt"/>
          <line num="25" count="1" type="stmt"/>
          <line num="27" count="0" type="stmt"/>
          <line num="36" count="9" type="stmt"/>
          <line num="37" count="1" type="stmt"/>
          <line num="38" count="1" type="stmt"/>
          <line num="39" count="0" type="stmt"/>
          <line num="42" count="9" type="stmt"/>
        </file>
        <file name="gamesUsers.js" path="D:\IPCA\2o Ano\Projeto final\Crypto-Challenge-BackEnd\API\src\routes\gamesUsers.js">
          <metrics statements="14" coveredstatements="14" conditionals="4" coveredconditionals="4" methods="7" coveredmethods="7"/>
          <line num="1" count="9" type="stmt"/>
          <line num="2" count="9" type="stmt"/>
          <line num="4" count="9" type="stmt"/>
          <line num="5" count="9" type="stmt"/>
          <line num="7" count="9" type="stmt"/>
          <line num="8" count="4" type="stmt"/>
          <line num="10" count="4" type="cond" truecount="4" falsecount="0"/>
          <line num="11" count="3" type="stmt"/>
          <line num="12" count="1" type="stmt"/>
          <line num="15" count="9" type="stmt"/>
          <line num="16" count="3" type="stmt"/>
          <line num="18" count="1" type="stmt"/>
          <line num="20" count="2" type="stmt"/>
          <line num="23" count="9" type="stmt"/>
        </file>
        <file name="leaderboards.js" path="D:\IPCA\2o Ano\Projeto final\Crypto-Challenge-BackEnd\API\src\routes\leaderboards.js">
          <metrics statements="14" coveredstatements="12" conditionals="2" coveredconditionals="1" methods="7" coveredmethods="5"/>
          <line num="1" count="9" type="stmt"/>
          <line num="2" count="9" type="stmt"/>
          <line num="4" count="9" type="stmt"/>
          <line num="5" count="9" type="stmt"/>
          <line num="7" count="9" type="stmt"/>
          <line num="8" count="2" type="stmt"/>
          <line num="10" count="1" type="cond" truecount="1" falsecount="1"/>
          <line num="11" count="1" type="stmt"/>
          <line num="12" count="0" type="stmt"/>
          <line num="15" count="9" type="stmt"/>
          <line num="16" count="1" type="stmt"/>
          <line num="18" count="1" type="stmt"/>
          <line num="20" count="0" type="stmt"/>
          <line num="23" count="9" type="stmt"/>
        </file>
        <file name="transactions.js" path="D:\IPCA\2o Ano\Projeto final\Crypto-Challenge-BackEnd\API\src\routes\transactions.js">
          <metrics statements="22" coveredstatements="20" conditionals="2" coveredconditionals="2" methods="13" coveredmethods="11"/>
          <line num="1" count="9" type="stmt"/>
          <line num="2" count="9" type="stmt"/>
          <line num="4" count="9" type="stmt"/>
          <line num="5" count="9" type="stmt"/>
          <line num="7" count="9" type="stmt"/>
          <line num="8" count="2" type="stmt"/>
          <line num="10" count="2" type="cond" truecount="2" falsecount="0"/>
          <line num="11" count="1" type="stmt"/>
          <line num="12" count="1" type="stmt"/>
          <line num="15" count="9" type="stmt"/>
          <line num="16" count="15" type="stmt"/>
          <line num="17" count="6" type="stmt"/>
          <line num="18" count="9" type="stmt"/>
          <line num="21" count="9" type="stmt"/>
          <line num="22" count="1" type="stmt"/>
          <line num="24" count="1" type="stmt"/>
          <line num="26" count="0" type="stmt"/>
          <line num="29" count="9" type="stmt"/>
          <line num="30" count="1" type="stmt"/>
          <line num="32" count="1" type="stmt"/>
          <line num="34" count="0" type="stmt"/>
          <line num="37" count="9" type="stmt"/>
        </file>
        <file name="users.js" path="D:\IPCA\2o Ano\Projeto final\Crypto-Challenge-BackEnd\API\src\routes\users.js">
          <metrics statements="33" coveredstatements="29" conditionals="4" coveredconditionals="4" methods="17" coveredmethods="13"/>
          <line num="1" count="9" type="stmt"/>
          <line num="2" count="9" type="stmt"/>
          <line num="3" count="9" type="stmt"/>
          <line num="6" count="9" type="stmt"/>
          <line num="7" count="9" type="stmt"/>
          <line num="9" count="9" type="stmt"/>
          <line num="10" count="5" type="stmt"/>
          <line num="12" count="5" type="cond" truecount="2" falsecount="0"/>
          <line num="13" count="4" type="cond" truecount="2" falsecount="0"/>
          <line num="14" count="3" type="stmt"/>
          <line num="15" count="2" type="stmt"/>
          <line num="18" count="9" type="stmt"/>
          <line num="19" count="1" type="stmt"/>
          <line num="20" count="1" type="stmt"/>
          <line num="21" count="0" type="stmt"/>
          <line num="24" count="9" type="stmt"/>
          <line num="25" count="9" type="stmt"/>
          <line num="26" count="9" type="stmt"/>
          <line num="27" count="2" type="stmt"/>
          <line num="29" count="7" type="stmt"/>
          <line num="33" count="9" type="stmt"/>
          <line num="34" count="1" type="stmt"/>
          <line num="36" count="1" type="stmt"/>
          <line num="38" count="0" type="stmt"/>
          <line num="41" count="9" type="stmt"/>
          <line num="42" count="1" type="stmt"/>
          <line num="43" count="1" type="stmt"/>
          <line num="44" count="0" type="stmt"/>
          <line num="47" count="9" type="stmt"/>
          <line num="48" count="1" type="stmt"/>
          <line num="49" count="1" type="stmt"/>
          <line num="50" count="0" type="stmt"/>
          <line num="53" count="9" type="stmt"/>
        </file>
      </package>
      <package name="API.src.services">
        <metrics statements="179" coveredstatements="176" conditionals="89" coveredconditionals="70" methods="38" coveredmethods="36"/>
        <file name="crypto.js" path="D:\IPCA\2o Ano\Projeto final\Crypto-Challenge-BackEnd\API\src\services\crypto.js">
          <metrics statements="32" coveredstatements="32" conditionals="10" coveredconditionals="6" methods="7" coveredmethods="7"/>
          <line num="1" count="9" type="stmt"/>
          <line num="2" count="9" type="stmt"/>
          <line num="9" count="9" type="stmt"/>
          <line num="10" count="9" type="cond" truecount="1" falsecount="0"/>
          <line num="11" count="9" type="stmt"/>
          <line num="14" count="9" type="cond" truecount="0" falsecount="1"/>
          <line num="15" count="4" type="stmt"/>
          <line num="18" count="9" type="stmt"/>
          <line num="19" count="2" type="cond" truecount="1" falsecount="1"/>
          <line num="21" count="2" type="stmt"/>
          <line num="22" count="2" type="cond" truecount="2" falsecount="0"/>
          <line num="24" count="1" type="stmt"/>
          <line num="27" count="9" type="stmt"/>
          <line num="28" count="1" type="stmt"/>
          <line num="33" count="9" type="stmt"/>
          <line num="34" count="1" type="stmt"/>
          <line num="35" count="1" type="cond" truecount="1" falsecount="1"/>
          <line num="37" count="1" type="stmt"/>
          <line num="42" count="9" type="stmt"/>
          <line num="43" count="1" type="stmt"/>
          <line num="44" count="1" type="cond" truecount="1" falsecount="1"/>
          <line num="47" count="1" type="stmt"/>
          <line num="48" count="1" type="stmt"/>
          <line num="49" count="1" type="stmt"/>
          <line num="50" count="1" type="stmt"/>
          <line num="51" count="1" type="stmt"/>
          <line num="52" count="1" type="stmt"/>
          <line num="54" count="1" type="stmt"/>
          <line num="55" count="4" type="stmt"/>
          <line num="61" count="4" type="stmt"/>
          <line num="64" count="1" type="stmt"/>
          <line num="67" count="9" type="stmt"/>
        </file>
        <file name="game.js" path="D:\IPCA\2o Ano\Projeto final\Crypto-Challenge-BackEnd\API\src\services\game.js">
          <metrics statements="25" coveredstatements="25" conditionals="6" coveredconditionals="3" methods="5" coveredmethods="5"/>
          <line num="1" count="9" type="stmt"/>
          <line num="2" count="9" type="stmt"/>
          <line num="3" count="9" type="stmt"/>
          <line num="4" count="9" type="stmt"/>
          <line num="5" count="9" type="stmt"/>
          <line num="8" count="9" type="stmt"/>
          <line num="9" count="9" type="cond" truecount="1" falsecount="0"/>
          <line num="10" count="1" type="stmt"/>
          <line num="13" count="9" type="cond" truecount="0" falsecount="1"/>
          <line num="14" count="2" type="cond" truecount="1" falsecount="1"/>
          <line num="15" count="2" type="stmt"/>
          <line num="18" count="9" type="stmt"/>
          <line num="20" count="7" type="cond" truecount="1" falsecount="1"/>
          <line num="23" count="7" type="stmt"/>
          <line num="24" count="7" type="stmt"/>
          <line num="25" count="7" type="stmt"/>
          <line num="26" count="7" type="stmt"/>
          <line num="28" count="7" type="stmt"/>
          <line num="29" count="7" type="stmt"/>
          <line num="30" count="7" type="stmt"/>
          <line num="31" count="7" type="stmt"/>
          <line num="33" count="7" type="stmt"/>
          <line num="36" count="9" type="stmt"/>
          <line num="37" count="1" type="stmt"/>
          <line num="51" count="9" type="stmt"/>
        </file>
        <file name="gameUser.js" path="D:\IPCA\2o Ano\Projeto final\Crypto-Challenge-BackEnd\API\src\services\gameUser.js">
          <metrics statements="36" coveredstatements="35" conditionals="19" coveredconditionals="14" methods="7" coveredmethods="6"/>
          <line num="1" count="9" type="stmt"/>
          <line num="2" count="9" type="stmt"/>
          <line num="3" count="9" type="stmt"/>
          <line num="6" count="9" type="stmt"/>
          <line num="7" count="9" type="cond" truecount="0" falsecount="1"/>
          <line num="8" count="0" type="stmt"/>
          <line num="11" count="9" type="cond" truecount="0" falsecount="1"/>
          <line num="12" count="1" type="stmt"/>
          <line num="15" count="9" type="cond" truecount="0" falsecount="1"/>
          <line num="16" count="20" type="stmt"/>
          <line num="17" count="20" type="cond" truecount="1" falsecount="1"/>
          <line num="18" count="20" type="cond" truecount="2" falsecount="0"/>
          <line num="19" count="10" type="cond" truecount="2" falsecount="0"/>
          <line num="21" count="19" type="stmt"/>
          <line num="24" count="9" type="stmt"/>
          <line num="27" count="10" type="cond" truecount="2" falsecount="0"/>
          <line num="28" count="9" type="cond" truecount="2" falsecount="0"/>
          <line num="30" count="8" type="stmt"/>
          <line num="31" count="8" type="cond" truecount="1" falsecount="1"/>
          <line num="34" count="8" type="stmt"/>
          <line num="36" count="8" type="stmt"/>
          <line num="38" count="8" type="stmt"/>
          <line num="39" count="32" type="stmt"/>
          <line num="41" count="8" type="stmt"/>
          <line num="45" count="9" type="stmt"/>
          <line num="46" count="7" type="stmt"/>
          <line num="47" count="7" type="stmt"/>
          <line num="50" count="7" type="cond" truecount="2" falsecount="0"/>
          <line num="51" count="2" type="stmt"/>
          <line num="54" count="5" type="cond" truecount="2" falsecount="0"/>
          <line num="55" count="4" type="stmt"/>
          <line num="58" count="6" type="stmt"/>
          <line num="63" count="9" type="stmt"/>
          <line num="64" count="7" type="stmt"/>
          <line num="65" count="7" type="stmt"/>
          <line num="68" count="9" type="stmt"/>
        </file>
        <file name="gameWallet.js" path="D:\IPCA\2o Ano\Projeto final\Crypto-Challenge-BackEnd\API\src\services\gameWallet.js">
          <metrics statements="21" coveredstatements="21" conditionals="9" coveredconditionals="8" methods="5" coveredmethods="5"/>
          <line num="1" count="9" type="stmt"/>
          <line num="3" count="9" type="stmt"/>
          <line num="4" count="9" type="cond" truecount="0" falsecount="1"/>
          <line num="5" count="7" type="stmt"/>
          <line num="8" count="9" type="stmt"/>
          <line num="9" count="1" type="stmt"/>
          <line num="14" count="1" type="stmt"/>
          <line num="15" count="1" type="stmt"/>
          <line num="18" count="9" type="stmt"/>
          <line num="19" count="34" type="cond" truecount="2" falsecount="0"/>
          <line num="20" count="33" type="cond" truecount="2" falsecount="0"/>
          <line num="22" count="32" type="stmt"/>
          <line num="26" count="9" type="stmt"/>
          <line num="27" count="7" type="stmt"/>
          <line num="28" count="7" type="stmt"/>
          <line num="31" count="7" type="cond" truecount="2" falsecount="0"/>
          <line num="32" count="4" type="stmt"/>
          <line num="35" count="3" type="cond" truecount="2" falsecount="0"/>
          <line num="36" count="2" type="stmt"/>
          <line num="39" count="6" type="stmt"/>
          <line num="44" count="9" type="stmt"/>
        </file>
        <file name="leaderboard.js" path="D:\IPCA\2o Ano\Projeto final\Crypto-Challenge-BackEnd\API\src\services\leaderboard.js">
          <metrics statements="5" coveredstatements="5" conditionals="1" coveredconditionals="0" methods="2" coveredmethods="2"/>
          <line num="1" count="9" type="stmt"/>
          <line num="3" count="9" type="stmt"/>
          <line num="4" count="9" type="cond" truecount="0" falsecount="1"/>
          <line num="5" count="1" type="stmt"/>
          <line num="12" count="9" type="stmt"/>
        </file>
        <file name="transaction.js" path="D:\IPCA\2o Ano\Projeto final\Crypto-Challenge-BackEnd\API\src\services\transaction.js">
          <metrics statements="30" coveredstatements="28" conditionals="26" coveredconditionals="23" methods="5" coveredmethods="4"/>
          <line num="1" count="9" type="stmt"/>
          <line num="3" count="9" type="stmt"/>
          <line num="6" count="9" type="cond" truecount="0" falsecount="1"/>
          <line num="9" count="1" type="stmt"/>
          <line num="10" count="1" type="stmt"/>
          <line num="11" count="1" type="stmt"/>
          <line num="12" count="2" type="stmt"/>
          <line num="15" count="1" type="stmt"/>
          <line num="20" count="9" type="cond" truecount="0" falsecount="1"/>
          <line num="21" count="1" type="stmt"/>
          <line num="26" count="9" type="stmt"/>
          <line num="27" count="15" type="cond" truecount="2" falsecount="0"/>
          <line num="28" count="14" type="cond" truecount="2" falsecount="0"/>
          <line num="29" count="13" type="cond" truecount="2" falsecount="0"/>
          <line num="30" count="12" type="cond" truecount="2" falsecount="0"/>
          <line num="31" count="11" type="cond" truecount="2" falsecount="0"/>
          <line num="32" count="10" type="cond" truecount="2" falsecount="0"/>
          <line num="33" count="9" type="cond" truecount="4" falsecount="0"/>
          <line num="36" count="8" type="cond" truecount="2" falsecount="0"/>
          <line num="38" count="5" type="stmt"/>
          <line num="40" count="4" type="stmt"/>
          <line num="44" count="3" type="stmt"/>
          <line num="46" count="2" type="stmt"/>
          <line num="49" count="6" type="stmt"/>
          <line num="50" count="6" type="cond" truecount="5" falsecount="1"/>
          <line num="52" count="0" type="stmt"/>
          <line num="55" count="6" type="stmt"/>
          <line num="59" count="9" type="stmt"/>
          <line num="60" count="0" type="stmt"/>
          <line num="71" count="9" type="stmt"/>
        </file>
        <file name="user.js" path="D:\IPCA\2o Ano\Projeto final\Crypto-Challenge-BackEnd\API\src\services\user.js">
          <metrics statements="30" coveredstatements="30" conditionals="18" coveredconditionals="16" methods="7" coveredmethods="7"/>
          <line num="1" count="9" type="stmt"/>
          <line num="2" count="9" type="stmt"/>
          <line num="4" count="9" type="stmt"/>
          <line num="5" count="9" type="cond" truecount="1" falsecount="0"/>
          <line num="6" count="1" type="stmt"/>
          <line num="9" count="9" type="cond" truecount="0" falsecount="1"/>
          <line num="10" count="100" type="stmt"/>
          <line num="13" count="9" type="stmt"/>
          <line num="14" count="14" type="stmt"/>
          <line num="15" count="14" type="stmt"/>
          <line num="18" count="9" type="stmt"/>
          <line num="19" count="21" type="cond" truecount="2" falsecount="0"/>
          <line num="20" count="20" type="cond" truecount="2" falsecount="0"/>
          <line num="21" count="19" type="cond" truecount="2" falsecount="0"/>
          <line num="22" count="18" type="cond" truecount="2" falsecount="0"/>
          <line num="23" count="17" type="cond" truecount="2" falsecount="0"/>
          <line num="25" count="16" type="stmt"/>
          <line num="26" count="16" type="cond" truecount="2" falsecount="0"/>
          <line num="28" count="15" type="stmt"/>
          <line num="29" count="15" type="cond" truecount="2" falsecount="0"/>
          <line num="31" count="14" type="stmt"/>
          <line num="32" count="14" type="stmt"/>
          <line num="33" count="14" type="stmt"/>
          <line num="36" count="9" type="stmt"/>
          <line num="37" count="1" type="stmt"/>
          <line num="38" count="1" type="cond" truecount="1" falsecount="1"/>
          <line num="40" count="1" type="stmt"/>
          <line num="45" count="9" type="stmt"/>
          <line num="46" count="1" type="stmt"/>
          <line num="51" count="9" type="stmt"/>
        </file>
      </package>
    </metrics>
  </project>
</coverage>
