{"D:\\IPCA\\2o Ano\\Projeto final\\Crypto-Challenge-BackEnd\\API\\knexfile.js": {"path":"D:\\IPCA\\2o Ano\\Projeto final\\Crypto-Challenge-BackEnd\\API\\knexfile.js","statementMap":{"0":{"start":{"line":1,"column":0},"end":{"line":20,"column":2}}},"fnMap":{},"branchMap":{},"s":{"0":9},"f":{},"b":{},"_coverageSchema":"332fd63041d2c1bcb487cc26dd0d5f7d97098a6c","hash":"057df183ece3725ca8bf2fe2e30463f3bf3d30af"}
,"D:\\IPCA\\2o Ano\\Projeto final\\Crypto-Challenge-BackEnd\\API\\src\\app.js": {"path":"D:\\IPCA\\2o Ano\\Projeto final\\Crypto-Challenge-BackEnd\\API\\src\\app.js","statementMap":{"0":{"start":{"line":1,"column":12},"end":{"line":1,"column":32}},"1":{"start":{"line":2,"column":13},"end":{"line":2,"column":28}},"2":{"start":{"line":3,"column":16},"end":{"line":3,"column":34}},"3":{"start":{"line":5,"column":13},"end":{"line":5,"column":28}},"4":{"start":{"line":6,"column":17},"end":{"line":6,"column":39}},"5":{"start":{"line":8,"column":0},"end":{"line":8,"column":29}},"6":{"start":{"line":9,"column":0},"end":{"line":9,"column":16}},"7":{"start":{"line":19,"column":0},"end":{"line":25,"column":13}},"8":{"start":{"line":27,"column":0},"end":{"line":29,"column":3}},"9":{"start":{"line":28,"column":2},"end":{"line":28,"column":25}},"10":{"start":{"line":31,"column":0},"end":{"line":39,"column":3}},"11":{"start":{"line":32,"column":35},"end":{"line":32,"column":38}},"12":{"start":{"line":33,"column":2},"end":{"line":37,"column":3}},"13":{"start":{"line":33,"column":34},"end":{"line":33,"column":75}},"14":{"start":{"line":34,"column":7},"end":{"line":37,"column":3}},"15":{"start":{"line":34,"column":38},"end":{"line":34,"column":79}},"16":{"start":{"line":36,"column":4},"end":{"line":36,"column":51}},"17":{"start":{"line":38,"column":2},"end":{"line":38,"column":12}},"18":{"start":{"line":41,"column":0},"end":{"line":41,"column":21}}},"fnMap":{"0":{"name":"(anonymous_0)","decl":{"start":{"line":27,"column":13},"end":{"line":27,"column":14}},"loc":{"start":{"line":27,"column":27},"end":{"line":29,"column":1}},"line":27},"1":{"name":"(anonymous_1)","decl":{"start":{"line":31,"column":8},"end":{"line":31,"column":9}},"loc":{"start":{"line":31,"column":33},"end":{"line":39,"column":1}},"line":31}},"branchMap":{"0":{"loc":{"start":{"line":33,"column":2},"end":{"line":37,"column":3}},"type":"if","locations":[{"start":{"line":33,"column":2},"end":{"line":37,"column":3}},{"start":{"line":33,"column":2},"end":{"line":37,"column":3}}],"line":33},"1":{"loc":{"start":{"line":34,"column":7},"end":{"line":37,"column":3}},"type":"if","locations":[{"start":{"line":34,"column":7},"end":{"line":37,"column":3}},{"start":{"line":34,"column":7},"end":{"line":37,"column":3}}],"line":34}},"s":{"0":9,"1":9,"2":9,"3":9,"4":9,"5":9,"6":9,"7":9,"8":9,"9":1,"10":9,"11":27,"12":27,"13":23,"14":4,"15":4,"16":0,"17":27,"18":9},"f":{"0":1,"1":27},"b":{"0":[23,4],"1":[4,0]},"_coverageSchema":"332fd63041d2c1bcb487cc26dd0d5f7d97098a6c","hash":"8d5beeaee54a35478bf35a2f450ec453ce4755ca"}
,"D:\\IPCA\\2o Ano\\Projeto final\\Crypto-Challenge-BackEnd\\API\\src\\config\\middlewares.js": {"path":"D:\\IPCA\\2o Ano\\Projeto final\\Crypto-Challenge-BackEnd\\API\\src\\config\\middlewares.js","statementMap":{"0":{"start":{"line":1,"column":19},"end":{"line":1,"column":41}},"1":{"start":{"line":3,"column":0},"end":{"line":5,"column":2}},"2":{"start":{"line":4,"column":2},"end":{"line":4,"column":29}}},"fnMap":{"0":{"name":"(anonymous_0)","decl":{"start":{"line":3,"column":17},"end":{"line":3,"column":18}},"loc":{"start":{"line":3,"column":26},"end":{"line":5,"column":1}},"line":3}},"branchMap":{},"s":{"0":9,"1":9,"2":9},"f":{"0":9},"b":{},"_coverageSchema":"332fd63041d2c1bcb487cc26dd0d5f7d97098a6c","hash":"ca0ca0262502ba0bb8d0a86fb107474f9edc662e"}
,"D:\\IPCA\\2o Ano\\Projeto final\\Crypto-Challenge-BackEnd\\API\\src\\config\\passport.js": {"path":"D:\\IPCA\\2o Ano\\Projeto final\\Crypto-Challenge-BackEnd\\API\\src\\config\\passport.js","statementMap":{"0":{"start":{"line":1,"column":17},"end":{"line":1,"column":36}},"1":{"start":{"line":2,"column":20},"end":{"line":2,"column":43}},"2":{"start":{"line":4,"column":15},"end":{"line":4,"column":32}},"3":{"start":{"line":6,"column":33},"end":{"line":6,"column":44}},"4":{"start":{"line":8,"column":0},"end":{"line":27,"column":2}},"5":{"start":{"line":9,"column":17},"end":{"line":12,"column":3}},"6":{"start":{"line":14,"column":19},"end":{"line":20,"column":4}},"7":{"start":{"line":15,"column":4},"end":{"line":19,"column":42}},"8":{"start":{"line":17,"column":8},"end":{"line":18,"column":31}},"9":{"start":{"line":17,"column":18},"end":{"line":17,"column":45}},"10":{"start":{"line":18,"column":13},"end":{"line":18,"column":31}},"11":{"start":{"line":19,"column":24},"end":{"line":19,"column":40}},"12":{"start":{"line":22,"column":2},"end":{"line":22,"column":25}},"13":{"start":{"line":24,"column":2},"end":{"line":26,"column":4}},"14":{"start":{"line":25,"column":24},"end":{"line":25,"column":72}}},"fnMap":{"0":{"name":"(anonymous_0)","decl":{"start":{"line":8,"column":17},"end":{"line":8,"column":18}},"loc":{"start":{"line":8,"column":26},"end":{"line":27,"column":1}},"line":8},"1":{"name":"(anonymous_1)","decl":{"start":{"line":14,"column":40},"end":{"line":14,"column":41}},"loc":{"start":{"line":14,"column":59},"end":{"line":20,"column":3}},"line":14},"2":{"name":"(anonymous_2)","decl":{"start":{"line":16,"column":12},"end":{"line":16,"column":13}},"loc":{"start":{"line":16,"column":22},"end":{"line":19,"column":7}},"line":16},"3":{"name":"(anonymous_3)","decl":{"start":{"line":19,"column":15},"end":{"line":19,"column":16}},"loc":{"start":{"line":19,"column":24},"end":{"line":19,"column":40}},"line":19},"4":{"name":"(anonymous_4)","decl":{"start":{"line":25,"column":18},"end":{"line":25,"column":19}},"loc":{"start":{"line":25,"column":24},"end":{"line":25,"column":72}},"line":25}},"branchMap":{"0":{"loc":{"start":{"line":17,"column":8},"end":{"line":18,"column":31}},"type":"if","locations":[{"start":{"line":17,"column":8},"end":{"line":18,"column":31}},{"start":{"line":17,"column":8},"end":{"line":18,"column":31}}],"line":17}},"s":{"0":9,"1":9,"2":9,"3":9,"4":9,"5":9,"6":9,"7":52,"8":52,"9":52,"10":0,"11":0,"12":9,"13":9,"14":9},"f":{"0":9,"1":52,"2":52,"3":0,"4":9},"b":{"0":[52,0]},"_coverageSchema":"332fd63041d2c1bcb487cc26dd0d5f7d97098a6c","hash":"05aa3850bb91b55e9fce1fa732a942a2f02a4135"}
,"D:\\IPCA\\2o Ano\\Projeto final\\Crypto-Challenge-BackEnd\\API\\src\\config\\router.js": {"path":"D:\\IPCA\\2o Ano\\Projeto final\\Crypto-Challenge-BackEnd\\API\\src\\config\\router.js","statementMap":{"0":{"start":{"line":1,"column":16},"end":{"line":1,"column":34}},"1":{"start":{"line":3,"column":0},"end":{"line":17,"column":2}},"2":{"start":{"line":4,"column":2},"end":{"line":4,"column":37}},"3":{"start":{"line":6,"column":23},"end":{"line":6,"column":39}},"4":{"start":{"line":8,"column":2},"end":{"line":8,"column":47}},"5":{"start":{"line":9,"column":2},"end":{"line":9,"column":51}},"6":{"start":{"line":10,"column":2},"end":{"line":10,"column":47}},"7":{"start":{"line":11,"column":2},"end":{"line":11,"column":61}},"8":{"start":{"line":12,"column":2},"end":{"line":12,"column":57}},"9":{"start":{"line":13,"column":2},"end":{"line":13,"column":57}},"10":{"start":{"line":14,"column":2},"end":{"line":14,"column":61}},"11":{"start":{"line":16,"column":2},"end":{"line":16,"column":67}}},"fnMap":{"0":{"name":"(anonymous_0)","decl":{"start":{"line":3,"column":17},"end":{"line":3,"column":18}},"loc":{"start":{"line":3,"column":26},"end":{"line":17,"column":1}},"line":3}},"branchMap":{},"s":{"0":9,"1":9,"2":9,"3":9,"4":9,"5":9,"6":9,"7":9,"8":9,"9":9,"10":9,"11":9},"f":{"0":9},"b":{},"_coverageSchema":"332fd63041d2c1bcb487cc26dd0d5f7d97098a6c","hash":"5a5e4d608f80ce405bf432711d2597b3d718adc5"}
,"D:\\IPCA\\2o Ano\\Projeto final\\Crypto-Challenge-BackEnd\\API\\src\\errors\\forbiddenError.js": {"path":"D:\\IPCA\\2o Ano\\Projeto final\\Crypto-Challenge-BackEnd\\API\\src\\errors\\forbiddenError.js","statementMap":{"0":{"start":{"line":1,"column":0},"end":{"line":4,"column":2}},"1":{"start":{"line":2,"column":2},"end":{"line":2,"column":31}},"2":{"start":{"line":3,"column":2},"end":{"line":3,"column":26}}},"fnMap":{"0":{"name":"forbiddenError","decl":{"start":{"line":1,"column":26},"end":{"line":1,"column":40}},"loc":{"start":{"line":1,"column":92},"end":{"line":4,"column":1}},"line":1}},"branchMap":{"0":{"loc":{"start":{"line":1,"column":41},"end":{"line":1,"column":90}},"type":"default-arg","locations":[{"start":{"line":1,"column":52},"end":{"line":1,"column":90}}],"line":1}},"s":{"0":9,"1":4,"2":4},"f":{"0":4},"b":{"0":[4]},"_coverageSchema":"332fd63041d2c1bcb487cc26dd0d5f7d97098a6c","hash":"37907217212be63ea25f2a0accf41e998d9dbfee"}
,"D:\\IPCA\\2o Ano\\Projeto final\\Crypto-Challenge-BackEnd\\API\\src\\errors\\validationError.js": {"path":"D:\\IPCA\\2o Ano\\Projeto final\\Crypto-Challenge-BackEnd\\API\\src\\errors\\validationError.js","statementMap":{"0":{"start":{"line":1,"column":0},"end":{"line":4,"column":2}},"1":{"start":{"line":2,"column":2},"end":{"line":2,"column":32}},"2":{"start":{"line":3,"column":2},"end":{"line":3,"column":25}}},"fnMap":{"0":{"name":"validationError","decl":{"start":{"line":1,"column":26},"end":{"line":1,"column":41}},"loc":{"start":{"line":1,"column":51},"end":{"line":4,"column":1}},"line":1}},"branchMap":{},"s":{"0":9,"1":25,"2":25},"f":{"0":25},"b":{},"_coverageSchema":"332fd63041d2c1bcb487cc26dd0d5f7d97098a6c","hash":"6ab1d77ce680f73f6e8c492603e297bf4e140ea4"}
,"D:\\IPCA\\2o Ano\\Projeto final\\Crypto-Challenge-BackEnd\\API\\src\\routes\\auths.js": {"path":"D:\\IPCA\\2o Ano\\Projeto final\\Crypto-Challenge-BackEnd\\API\\src\\routes\\auths.js","statementMap":{"0":{"start":{"line":1,"column":16},"end":{"line":1,"column":34}},"1":{"start":{"line":2,"column":12},"end":{"line":2,"column":33}},"2":{"start":{"line":3,"column":15},"end":{"line":3,"column":39}},"3":{"start":{"line":4,"column":24},"end":{"line":4,"column":60}},"4":{"start":{"line":6,"column":15},"end":{"line":6,"column":32}},"5":{"start":{"line":8,"column":0},"end":{"line":36,"column":2}},"6":{"start":{"line":9,"column":17},"end":{"line":9,"column":33}},"7":{"start":{"line":11,"column":2},"end":{"line":24,"column":5}},"8":{"start":{"line":12,"column":4},"end":{"line":23,"column":35}},"9":{"start":{"line":14,"column":8},"end":{"line":14,"column":74}},"10":{"start":{"line":14,"column":19},"end":{"line":14,"column":74}},"11":{"start":{"line":15,"column":8},"end":{"line":22,"column":67}},"12":{"start":{"line":16,"column":26},"end":{"line":19,"column":11}},"13":{"start":{"line":20,"column":24},"end":{"line":20,"column":51}},"14":{"start":{"line":21,"column":10},"end":{"line":21,"column":42}},"15":{"start":{"line":22,"column":15},"end":{"line":22,"column":67}},"16":{"start":{"line":23,"column":24},"end":{"line":23,"column":33}},"17":{"start":{"line":26,"column":2},"end":{"line":33,"column":5}},"18":{"start":{"line":27,"column":4},"end":{"line":32,"column":5}},"19":{"start":{"line":28,"column":21},"end":{"line":28,"column":59}},"20":{"start":{"line":29,"column":6},"end":{"line":29,"column":45}},"21":{"start":{"line":31,"column":6},"end":{"line":31,"column":23}},"22":{"start":{"line":35,"column":2},"end":{"line":35,"column":16}}},"fnMap":{"0":{"name":"(anonymous_0)","decl":{"start":{"line":8,"column":17},"end":{"line":8,"column":18}},"loc":{"start":{"line":8,"column":26},"end":{"line":36,"column":1}},"line":8},"1":{"name":"(anonymous_1)","decl":{"start":{"line":11,"column":25},"end":{"line":11,"column":26}},"loc":{"start":{"line":11,"column":45},"end":{"line":24,"column":3}},"line":11},"2":{"name":"(anonymous_2)","decl":{"start":{"line":13,"column":12},"end":{"line":13,"column":13}},"loc":{"start":{"line":13,"column":22},"end":{"line":23,"column":7}},"line":13},"3":{"name":"(anonymous_3)","decl":{"start":{"line":23,"column":15},"end":{"line":23,"column":16}},"loc":{"start":{"line":23,"column":24},"end":{"line":23,"column":33}},"line":23},"4":{"name":"(anonymous_4)","decl":{"start":{"line":26,"column":25},"end":{"line":26,"column":26}},"loc":{"start":{"line":26,"column":51},"end":{"line":33,"column":3}},"line":26}},"branchMap":{"0":{"loc":{"start":{"line":14,"column":8},"end":{"line":14,"column":74}},"type":"if","locations":[{"start":{"line":14,"column":8},"end":{"line":14,"column":74}},{"start":{"line":14,"column":8},"end":{"line":14,"column":74}}],"line":14},"1":{"loc":{"start":{"line":15,"column":8},"end":{"line":22,"column":67}},"type":"if","locations":[{"start":{"line":15,"column":8},"end":{"line":22,"column":67}},{"start":{"line":15,"column":8},"end":{"line":22,"column":67}}],"line":15}},"s":{"0":9,"1":9,"2":9,"3":9,"4":9,"5":9,"6":9,"7":9,"8":3,"9":3,"10":1,"11":2,"12":1,"13":1,"14":1,"15":1,"16":2,"17":9,"18":1,"19":1,"20":1,"21":0,"22":9},"f":{"0":9,"1":3,"2":3,"3":2,"4":1},"b":{"0":[1,2],"1":[1,1]},"_coverageSchema":"332fd63041d2c1bcb487cc26dd0d5f7d97098a6c","hash":"1ded444100a3aeec1e276db705adbb5492b34b30"}
,"D:\\IPCA\\2o Ano\\Projeto final\\Crypto-Challenge-BackEnd\\API\\src\\routes\\cryptos.js": {"path":"D:\\IPCA\\2o Ano\\Projeto final\\Crypto-Challenge-BackEnd\\API\\src\\routes\\cryptos.js","statementMap":{"0":{"start":{"line":1,"column":16},"end":{"line":1,"column":34}},"1":{"start":{"line":3,"column":0},"end":{"line":50,"column":2}},"2":{"start":{"line":4,"column":17},"end":{"line":4,"column":33}},"3":{"start":{"line":6,"column":2},"end":{"line":10,"column":5}},"4":{"start":{"line":7,"column":4},"end":{"line":9,"column":33}},"5":{"start":{"line":8,"column":24},"end":{"line":8,"column":52}},"6":{"start":{"line":9,"column":22},"end":{"line":9,"column":31}},"7":{"start":{"line":12,"column":2},"end":{"line":18,"column":5}},"8":{"start":{"line":13,"column":4},"end":{"line":17,"column":33}},"9":{"start":{"line":15,"column":8},"end":{"line":15,"column":44}},"10":{"start":{"line":17,"column":22},"end":{"line":17,"column":31}},"11":{"start":{"line":20,"column":2},"end":{"line":26,"column":5}},"12":{"start":{"line":21,"column":4},"end":{"line":25,"column":33}},"13":{"start":{"line":23,"column":8},"end":{"line":23,"column":44}},"14":{"start":{"line":25,"column":22},"end":{"line":25,"column":31}},"15":{"start":{"line":28,"column":2},"end":{"line":35,"column":5}},"16":{"start":{"line":29,"column":4},"end":{"line":34,"column":5}},"17":{"start":{"line":30,"column":21},"end":{"line":30,"column":61}},"18":{"start":{"line":31,"column":6},"end":{"line":31,"column":45}},"19":{"start":{"line":33,"column":6},"end":{"line":33,"column":23}},"20":{"start":{"line":37,"column":2},"end":{"line":41,"column":5}},"21":{"start":{"line":38,"column":4},"end":{"line":40,"column":33}},"22":{"start":{"line":39,"column":24},"end":{"line":39,"column":55}},"23":{"start":{"line":40,"column":22},"end":{"line":40,"column":31}},"24":{"start":{"line":43,"column":2},"end":{"line":47,"column":5}},"25":{"start":{"line":44,"column":4},"end":{"line":46,"column":33}},"26":{"start":{"line":45,"column":18},"end":{"line":45,"column":40}},"27":{"start":{"line":46,"column":22},"end":{"line":46,"column":31}},"28":{"start":{"line":49,"column":2},"end":{"line":49,"column":16}}},"fnMap":{"0":{"name":"(anonymous_0)","decl":{"start":{"line":3,"column":17},"end":{"line":3,"column":18}},"loc":{"start":{"line":3,"column":26},"end":{"line":50,"column":1}},"line":3},"1":{"name":"(anonymous_1)","decl":{"start":{"line":6,"column":18},"end":{"line":6,"column":19}},"loc":{"start":{"line":6,"column":38},"end":{"line":10,"column":3}},"line":6},"2":{"name":"(anonymous_2)","decl":{"start":{"line":8,"column":12},"end":{"line":8,"column":13}},"loc":{"start":{"line":8,"column":24},"end":{"line":8,"column":52}},"line":8},"3":{"name":"(anonymous_3)","decl":{"start":{"line":9,"column":13},"end":{"line":9,"column":14}},"loc":{"start":{"line":9,"column":22},"end":{"line":9,"column":31}},"line":9},"4":{"name":"(anonymous_4)","decl":{"start":{"line":12,"column":21},"end":{"line":12,"column":22}},"loc":{"start":{"line":12,"column":41},"end":{"line":18,"column":3}},"line":12},"5":{"name":"(anonymous_5)","decl":{"start":{"line":14,"column":12},"end":{"line":14,"column":13}},"loc":{"start":{"line":14,"column":24},"end":{"line":16,"column":7}},"line":14},"6":{"name":"(anonymous_6)","decl":{"start":{"line":17,"column":13},"end":{"line":17,"column":14}},"loc":{"start":{"line":17,"column":22},"end":{"line":17,"column":31}},"line":17},"7":{"name":"(anonymous_7)","decl":{"start":{"line":20,"column":37},"end":{"line":20,"column":38}},"loc":{"start":{"line":20,"column":57},"end":{"line":26,"column":3}},"line":20},"8":{"name":"(anonymous_8)","decl":{"start":{"line":22,"column":12},"end":{"line":22,"column":13}},"loc":{"start":{"line":22,"column":24},"end":{"line":24,"column":7}},"line":22},"9":{"name":"(anonymous_9)","decl":{"start":{"line":25,"column":13},"end":{"line":25,"column":14}},"loc":{"start":{"line":25,"column":22},"end":{"line":25,"column":31}},"line":25},"10":{"name":"(anonymous_10)","decl":{"start":{"line":28,"column":19},"end":{"line":28,"column":20}},"loc":{"start":{"line":28,"column":45},"end":{"line":35,"column":3}},"line":28},"11":{"name":"(anonymous_11)","decl":{"start":{"line":37,"column":21},"end":{"line":37,"column":22}},"loc":{"start":{"line":37,"column":41},"end":{"line":41,"column":3}},"line":37},"12":{"name":"(anonymous_12)","decl":{"start":{"line":39,"column":12},"end":{"line":39,"column":13}},"loc":{"start":{"line":39,"column":24},"end":{"line":39,"column":55}},"line":39},"13":{"name":"(anonymous_13)","decl":{"start":{"line":40,"column":13},"end":{"line":40,"column":14}},"loc":{"start":{"line":40,"column":22},"end":{"line":40,"column":31}},"line":40},"14":{"name":"(anonymous_14)","decl":{"start":{"line":43,"column":24},"end":{"line":43,"column":25}},"loc":{"start":{"line":43,"column":44},"end":{"line":47,"column":3}},"line":43},"15":{"name":"(anonymous_15)","decl":{"start":{"line":45,"column":12},"end":{"line":45,"column":13}},"loc":{"start":{"line":45,"column":18},"end":{"line":45,"column":40}},"line":45},"16":{"name":"(anonymous_16)","decl":{"start":{"line":46,"column":13},"end":{"line":46,"column":14}},"loc":{"start":{"line":46,"column":22},"end":{"line":46,"column":31}},"line":46}},"branchMap":{},"s":{"0":9,"1":9,"2":9,"3":9,"4":1,"5":1,"6":0,"7":9,"8":1,"9":1,"10":0,"11":9,"12":1,"13":1,"14":0,"15":9,"16":2,"17":2,"18":1,"19":1,"20":9,"21":1,"22":1,"23":0,"24":9,"25":1,"26":1,"27":0,"28":9},"f":{"0":9,"1":1,"2":1,"3":0,"4":1,"5":1,"6":0,"7":1,"8":1,"9":0,"10":2,"11":1,"12":1,"13":0,"14":1,"15":1,"16":0},"b":{},"_coverageSchema":"332fd63041d2c1bcb487cc26dd0d5f7d97098a6c","hash":"556fd838345581819c668005ec217f39d260d2ff"}
,"D:\\IPCA\\2o Ano\\Projeto final\\Crypto-Challenge-BackEnd\\API\\src\\routes\\gameWallet.js": {"path":"D:\\IPCA\\2o Ano\\Projeto final\\Crypto-Challenge-BackEnd\\API\\src\\routes\\gameWallet.js","statementMap":{"0":{"start":{"line":1,"column":16},"end":{"line":1,"column":34}},"1":{"start":{"line":2,"column":23},"end":{"line":2,"column":58}},"2":{"start":{"line":4,"column":0},"end":{"line":25,"column":2}},"3":{"start":{"line":5,"column":17},"end":{"line":5,"column":33}},"4":{"start":{"line":7,"column":2},"end":{"line":13,"column":5}},"5":{"start":{"line":8,"column":4},"end":{"line":12,"column":35}},"6":{"start":{"line":10,"column":8},"end":{"line":11,"column":20}},"7":{"start":{"line":10,"column":46},"end":{"line":10,"column":73}},"8":{"start":{"line":11,"column":13},"end":{"line":11,"column":20}},"9":{"start":{"line":12,"column":24},"end":{"line":12,"column":33}},"10":{"start":{"line":16,"column":2},"end":{"line":22,"column":5}},"11":{"start":{"line":17,"column":19},"end":{"line":17,"column":87}},"12":{"start":{"line":19,"column":4},"end":{"line":21,"column":31}},"13":{"start":{"line":20,"column":23},"end":{"line":20,"column":52}},"14":{"start":{"line":21,"column":20},"end":{"line":21,"column":29}},"15":{"start":{"line":24,"column":2},"end":{"line":24,"column":16}}},"fnMap":{"0":{"name":"(anonymous_0)","decl":{"start":{"line":4,"column":17},"end":{"line":4,"column":18}},"loc":{"start":{"line":4,"column":26},"end":{"line":25,"column":1}},"line":4},"1":{"name":"(anonymous_1)","decl":{"start":{"line":7,"column":31},"end":{"line":7,"column":32}},"loc":{"start":{"line":7,"column":51},"end":{"line":13,"column":3}},"line":7},"2":{"name":"(anonymous_2)","decl":{"start":{"line":9,"column":12},"end":{"line":9,"column":13}},"loc":{"start":{"line":9,"column":26},"end":{"line":12,"column":7}},"line":9},"3":{"name":"(anonymous_3)","decl":{"start":{"line":12,"column":15},"end":{"line":12,"column":16}},"loc":{"start":{"line":12,"column":24},"end":{"line":12,"column":33}},"line":12},"4":{"name":"(anonymous_4)","decl":{"start":{"line":16,"column":31},"end":{"line":16,"column":32}},"loc":{"start":{"line":16,"column":57},"end":{"line":22,"column":3}},"line":16},"5":{"name":"(anonymous_5)","decl":{"start":{"line":20,"column":10},"end":{"line":20,"column":11}},"loc":{"start":{"line":20,"column":23},"end":{"line":20,"column":52}},"line":20},"6":{"name":"(anonymous_6)","decl":{"start":{"line":21,"column":11},"end":{"line":21,"column":12}},"loc":{"start":{"line":21,"column":20},"end":{"line":21,"column":29}},"line":21}},"branchMap":{"0":{"loc":{"start":{"line":10,"column":8},"end":{"line":11,"column":20}},"type":"if","locations":[{"start":{"line":10,"column":8},"end":{"line":11,"column":20}},{"start":{"line":10,"column":8},"end":{"line":11,"column":20}}],"line":10}},"s":{"0":9,"1":9,"2":9,"3":9,"4":9,"5":2,"6":2,"7":1,"8":1,"9":1,"10":9,"11":1,"12":1,"13":1,"14":0,"15":9},"f":{"0":9,"1":2,"2":2,"3":1,"4":1,"5":1,"6":0},"b":{"0":[1,1]},"_coverageSchema":"332fd63041d2c1bcb487cc26dd0d5f7d97098a6c","hash":"449d7308550d34b19bf7ad87d1514e7a5e3ed807"}
,"D:\\IPCA\\2o Ano\\Projeto final\\Crypto-Challenge-BackEnd\\API\\src\\routes\\games.js": {"path":"D:\\IPCA\\2o Ano\\Projeto final\\Crypto-Challenge-BackEnd\\API\\src\\routes\\games.js","statementMap":{"0":{"start":{"line":1,"column":16},"end":{"line":1,"column":34}},"1":{"start":{"line":2,"column":23},"end":{"line":2,"column":58}},"2":{"start":{"line":4,"column":0},"end":{"line":43,"column":2}},"3":{"start":{"line":5,"column":17},"end":{"line":5,"column":33}},"4":{"start":{"line":7,"column":2},"end":{"line":11,"column":5}},"5":{"start":{"line":8,"column":4},"end":{"line":10,"column":33}},"6":{"start":{"line":9,"column":24},"end":{"line":9,"column":52}},"7":{"start":{"line":10,"column":22},"end":{"line":10,"column":31}},"8":{"start":{"line":13,"column":2},"end":{"line":20,"column":5}},"9":{"start":{"line":14,"column":4},"end":{"line":19,"column":5}},"10":{"start":{"line":15,"column":21},"end":{"line":15,"column":59}},"11":{"start":{"line":16,"column":6},"end":{"line":16,"column":45}},"12":{"start":{"line":18,"column":6},"end":{"line":18,"column":23}},"13":{"start":{"line":22,"column":2},"end":{"line":28,"column":5}},"14":{"start":{"line":23,"column":4},"end":{"line":27,"column":33}},"15":{"start":{"line":25,"column":8},"end":{"line":25,"column":44}},"16":{"start":{"line":27,"column":22},"end":{"line":27,"column":31}},"17":{"start":{"line":36,"column":2},"end":{"line":40,"column":5}},"18":{"start":{"line":37,"column":4},"end":{"line":39,"column":33}},"19":{"start":{"line":38,"column":24},"end":{"line":38,"column":55}},"20":{"start":{"line":39,"column":22},"end":{"line":39,"column":31}},"21":{"start":{"line":42,"column":2},"end":{"line":42,"column":16}}},"fnMap":{"0":{"name":"(anonymous_0)","decl":{"start":{"line":4,"column":17},"end":{"line":4,"column":18}},"loc":{"start":{"line":4,"column":26},"end":{"line":43,"column":1}},"line":4},"1":{"name":"(anonymous_1)","decl":{"start":{"line":7,"column":18},"end":{"line":7,"column":19}},"loc":{"start":{"line":7,"column":38},"end":{"line":11,"column":3}},"line":7},"2":{"name":"(anonymous_2)","decl":{"start":{"line":9,"column":12},"end":{"line":9,"column":13}},"loc":{"start":{"line":9,"column":24},"end":{"line":9,"column":52}},"line":9},"3":{"name":"(anonymous_3)","decl":{"start":{"line":10,"column":13},"end":{"line":10,"column":14}},"loc":{"start":{"line":10,"column":22},"end":{"line":10,"column":31}},"line":10},"4":{"name":"(anonymous_4)","decl":{"start":{"line":13,"column":19},"end":{"line":13,"column":20}},"loc":{"start":{"line":13,"column":45},"end":{"line":20,"column":3}},"line":13},"5":{"name":"(anonymous_5)","decl":{"start":{"line":22,"column":21},"end":{"line":22,"column":22}},"loc":{"start":{"line":22,"column":41},"end":{"line":28,"column":3}},"line":22},"6":{"name":"(anonymous_6)","decl":{"start":{"line":24,"column":12},"end":{"line":24,"column":13}},"loc":{"start":{"line":24,"column":24},"end":{"line":26,"column":7}},"line":24},"7":{"name":"(anonymous_7)","decl":{"start":{"line":27,"column":13},"end":{"line":27,"column":14}},"loc":{"start":{"line":27,"column":22},"end":{"line":27,"column":31}},"line":27},"8":{"name":"(anonymous_8)","decl":{"start":{"line":36,"column":21},"end":{"line":36,"column":22}},"loc":{"start":{"line":36,"column":41},"end":{"line":40,"column":3}},"line":36},"9":{"name":"(anonymous_9)","decl":{"start":{"line":38,"column":12},"end":{"line":38,"column":13}},"loc":{"start":{"line":38,"column":24},"end":{"line":38,"column":55}},"line":38},"10":{"name":"(anonymous_10)","decl":{"start":{"line":39,"column":13},"end":{"line":39,"column":14}},"loc":{"start":{"line":39,"column":22},"end":{"line":39,"column":31}},"line":39}},"branchMap":{},"s":{"0":9,"1":9,"2":9,"3":9,"4":9,"5":1,"6":1,"7":0,"8":9,"9":1,"10":1,"11":1,"12":0,"13":9,"14":1,"15":1,"16":0,"17":9,"18":1,"19":1,"20":0,"21":9},"f":{"0":9,"1":1,"2":1,"3":0,"4":1,"5":1,"6":1,"7":0,"8":1,"9":1,"10":0},"b":{},"_coverageSchema":"332fd63041d2c1bcb487cc26dd0d5f7d97098a6c","hash":"265cbbb75ff54c979ead5d0ce6ccb025504dd91c"}
,"D:\\IPCA\\2o Ano\\Projeto final\\Crypto-Challenge-BackEnd\\API\\src\\routes\\gamesUsers.js": {"path":"D:\\IPCA\\2o Ano\\Projeto final\\Crypto-Challenge-BackEnd\\API\\src\\routes\\gamesUsers.js","statementMap":{"0":{"start":{"line":1,"column":16},"end":{"line":1,"column":34}},"1":{"start":{"line":2,"column":23},"end":{"line":2,"column":58}},"2":{"start":{"line":4,"column":0},"end":{"line":24,"column":2}},"3":{"start":{"line":5,"column":17},"end":{"line":5,"column":33}},"4":{"start":{"line":7,"column":2},"end":{"line":13,"column":5}},"5":{"start":{"line":8,"column":4},"end":{"line":12,"column":35}},"6":{"start":{"line":10,"column":8},"end":{"line":11,"column":20}},"7":{"start":{"line":10,"column":66},"end":{"line":10,"column":93}},"8":{"start":{"line":11,"column":13},"end":{"line":11,"column":20}},"9":{"start":{"line":12,"column":24},"end":{"line":12,"column":33}},"10":{"start":{"line":15,"column":2},"end":{"line":21,"column":9}},"11":{"start":{"line":16,"column":4},"end":{"line":20,"column":33}},"12":{"start":{"line":18,"column":6},"end":{"line":18,"column":41}},"13":{"start":{"line":20,"column":22},"end":{"line":20,"column":31}},"14":{"start":{"line":23,"column":2},"end":{"line":23,"column":16}}},"fnMap":{"0":{"name":"(anonymous_0)","decl":{"start":{"line":4,"column":17},"end":{"line":4,"column":18}},"loc":{"start":{"line":4,"column":26},"end":{"line":24,"column":1}},"line":4},"1":{"name":"(anonymous_1)","decl":{"start":{"line":7,"column":26},"end":{"line":7,"column":27}},"loc":{"start":{"line":7,"column":46},"end":{"line":13,"column":3}},"line":7},"2":{"name":"(anonymous_2)","decl":{"start":{"line":9,"column":12},"end":{"line":9,"column":13}},"loc":{"start":{"line":9,"column":22},"end":{"line":12,"column":7}},"line":9},"3":{"name":"(anonymous_3)","decl":{"start":{"line":12,"column":15},"end":{"line":12,"column":16}},"loc":{"start":{"line":12,"column":24},"end":{"line":12,"column":33}},"line":12},"4":{"name":"(anonymous_4)","decl":{"start":{"line":15,"column":27},"end":{"line":15,"column":28}},"loc":{"start":{"line":15,"column":53},"end":{"line":21,"column":7}},"line":15},"5":{"name":"(anonymous_5)","decl":{"start":{"line":17,"column":10},"end":{"line":17,"column":11}},"loc":{"start":{"line":17,"column":22},"end":{"line":19,"column":5}},"line":17},"6":{"name":"(anonymous_6)","decl":{"start":{"line":20,"column":13},"end":{"line":20,"column":14}},"loc":{"start":{"line":20,"column":22},"end":{"line":20,"column":31}},"line":20}},"branchMap":{"0":{"loc":{"start":{"line":10,"column":8},"end":{"line":11,"column":20}},"type":"if","locations":[{"start":{"line":10,"column":8},"end":{"line":11,"column":20}},{"start":{"line":10,"column":8},"end":{"line":11,"column":20}}],"line":10},"1":{"loc":{"start":{"line":10,"column":12},"end":{"line":10,"column":64}},"type":"binary-expr","locations":[{"start":{"line":10,"column":12},"end":{"line":10,"column":35}},{"start":{"line":10,"column":39},"end":{"line":10,"column":64}}],"line":10}},"s":{"0":9,"1":9,"2":9,"3":9,"4":9,"5":4,"6":4,"7":1,"8":3,"9":1,"10":9,"11":3,"12":1,"13":2,"14":9},"f":{"0":9,"1":4,"2":4,"3":1,"4":3,"5":1,"6":2},"b":{"0":[1,3],"1":[4,1]},"_coverageSchema":"332fd63041d2c1bcb487cc26dd0d5f7d97098a6c","hash":"460e4bc55a2330cf9b391545240f281df1e491ed"}
,"D:\\IPCA\\2o Ano\\Projeto final\\Crypto-Challenge-BackEnd\\API\\src\\routes\\leaderboards.js": {"path":"D:\\IPCA\\2o Ano\\Projeto final\\Crypto-Challenge-BackEnd\\API\\src\\routes\\leaderboards.js","statementMap":{"0":{"start":{"line":1,"column":16},"end":{"line":1,"column":34}},"1":{"start":{"line":2,"column":23},"end":{"line":2,"column":58}},"2":{"start":{"line":4,"column":0},"end":{"line":24,"column":2}},"3":{"start":{"line":5,"column":17},"end":{"line":5,"column":33}},"4":{"start":{"line":7,"column":2},"end":{"line":13,"column":5}},"5":{"start":{"line":8,"column":4},"end":{"line":12,"column":35}},"6":{"start":{"line":10,"column":8},"end":{"line":11,"column":20}},"7":{"start":{"line":10,"column":46},"end":{"line":10,"column":73}},"8":{"start":{"line":11,"column":13},"end":{"line":11,"column":20}},"9":{"start":{"line":12,"column":24},"end":{"line":12,"column":33}},"10":{"start":{"line":15,"column":2},"end":{"line":21,"column":5}},"11":{"start":{"line":16,"column":4},"end":{"line":20,"column":33}},"12":{"start":{"line":18,"column":6},"end":{"line":18,"column":51}},"13":{"start":{"line":20,"column":22},"end":{"line":20,"column":31}},"14":{"start":{"line":23,"column":2},"end":{"line":23,"column":16}}},"fnMap":{"0":{"name":"(anonymous_0)","decl":{"start":{"line":4,"column":17},"end":{"line":4,"column":18}},"loc":{"start":{"line":4,"column":26},"end":{"line":24,"column":1}},"line":4},"1":{"name":"(anonymous_1)","decl":{"start":{"line":7,"column":26},"end":{"line":7,"column":27}},"loc":{"start":{"line":7,"column":46},"end":{"line":13,"column":3}},"line":7},"2":{"name":"(anonymous_2)","decl":{"start":{"line":9,"column":12},"end":{"line":9,"column":13}},"loc":{"start":{"line":9,"column":26},"end":{"line":12,"column":7}},"line":9},"3":{"name":"(anonymous_3)","decl":{"start":{"line":12,"column":15},"end":{"line":12,"column":16}},"loc":{"start":{"line":12,"column":24},"end":{"line":12,"column":33}},"line":12},"4":{"name":"(anonymous_4)","decl":{"start":{"line":15,"column":26},"end":{"line":15,"column":27}},"loc":{"start":{"line":15,"column":52},"end":{"line":21,"column":3}},"line":15},"5":{"name":"(anonymous_5)","decl":{"start":{"line":17,"column":12},"end":{"line":17,"column":13}},"loc":{"start":{"line":17,"column":33},"end":{"line":19,"column":9}},"line":17},"6":{"name":"(anonymous_6)","decl":{"start":{"line":20,"column":13},"end":{"line":20,"column":14}},"loc":{"start":{"line":20,"column":22},"end":{"line":20,"column":31}},"line":20}},"branchMap":{"0":{"loc":{"start":{"line":10,"column":8},"end":{"line":11,"column":20}},"type":"if","locations":[{"start":{"line":10,"column":8},"end":{"line":11,"column":20}},{"start":{"line":10,"column":8},"end":{"line":11,"column":20}}],"line":10}},"s":{"0":9,"1":9,"2":9,"3":9,"4":9,"5":2,"6":1,"7":0,"8":1,"9":0,"10":9,"11":1,"12":1,"13":0,"14":9},"f":{"0":9,"1":2,"2":1,"3":0,"4":1,"5":1,"6":0},"b":{"0":[0,1]},"_coverageSchema":"332fd63041d2c1bcb487cc26dd0d5f7d97098a6c","hash":"ec49e90a3755f95a872ead709bc7890afa78668c"}
,"D:\\IPCA\\2o Ano\\Projeto final\\Crypto-Challenge-BackEnd\\API\\src\\routes\\transactions.js": {"path":"D:\\IPCA\\2o Ano\\Projeto final\\Crypto-Challenge-BackEnd\\API\\src\\routes\\transactions.js","statementMap":{"0":{"start":{"line":1,"column":16},"end":{"line":1,"column":34}},"1":{"start":{"line":2,"column":23},"end":{"line":2,"column":58}},"2":{"start":{"line":4,"column":0},"end":{"line":38,"column":2}},"3":{"start":{"line":5,"column":17},"end":{"line":5,"column":33}},"4":{"start":{"line":7,"column":2},"end":{"line":13,"column":5}},"5":{"start":{"line":8,"column":4},"end":{"line":12,"column":35}},"6":{"start":{"line":10,"column":8},"end":{"line":11,"column":20}},"7":{"start":{"line":10,"column":37},"end":{"line":10,"column":64}},"8":{"start":{"line":11,"column":13},"end":{"line":11,"column":20}},"9":{"start":{"line":12,"column":24},"end":{"line":12,"column":33}},"10":{"start":{"line":15,"column":2},"end":{"line":19,"column":5}},"11":{"start":{"line":16,"column":4},"end":{"line":18,"column":33}},"12":{"start":{"line":17,"column":28},"end":{"line":17,"column":59}},"13":{"start":{"line":18,"column":22},"end":{"line":18,"column":31}},"14":{"start":{"line":21,"column":2},"end":{"line":27,"column":5}},"15":{"start":{"line":22,"column":4},"end":{"line":26,"column":33}},"16":{"start":{"line":24,"column":6},"end":{"line":24,"column":41}},"17":{"start":{"line":26,"column":22},"end":{"line":26,"column":31}},"18":{"start":{"line":29,"column":2},"end":{"line":35,"column":5}},"19":{"start":{"line":30,"column":4},"end":{"line":34,"column":33}},"20":{"start":{"line":32,"column":6},"end":{"line":32,"column":41}},"21":{"start":{"line":34,"column":22},"end":{"line":34,"column":31}},"22":{"start":{"line":37,"column":2},"end":{"line":37,"column":16}}},"fnMap":{"0":{"name":"(anonymous_0)","decl":{"start":{"line":4,"column":17},"end":{"line":4,"column":18}},"loc":{"start":{"line":4,"column":26},"end":{"line":38,"column":1}},"line":4},"1":{"name":"(anonymous_1)","decl":{"start":{"line":7,"column":26},"end":{"line":7,"column":27}},"loc":{"start":{"line":7,"column":46},"end":{"line":13,"column":3}},"line":7},"2":{"name":"(anonymous_2)","decl":{"start":{"line":9,"column":12},"end":{"line":9,"column":13}},"loc":{"start":{"line":9,"column":22},"end":{"line":12,"column":7}},"line":9},"3":{"name":"(anonymous_3)","decl":{"start":{"line":12,"column":15},"end":{"line":12,"column":16}},"loc":{"start":{"line":12,"column":24},"end":{"line":12,"column":33}},"line":12},"4":{"name":"(anonymous_4)","decl":{"start":{"line":15,"column":19},"end":{"line":15,"column":20}},"loc":{"start":{"line":15,"column":45},"end":{"line":19,"column":3}},"line":15},"5":{"name":"(anonymous_5)","decl":{"start":{"line":17,"column":16},"end":{"line":17,"column":17}},"loc":{"start":{"line":17,"column":28},"end":{"line":17,"column":59}},"line":17},"6":{"name":"(anonymous_6)","decl":{"start":{"line":18,"column":13},"end":{"line":18,"column":14}},"loc":{"start":{"line":18,"column":22},"end":{"line":18,"column":31}},"line":18},"7":{"name":"(anonymous_7)","decl":{"start":{"line":21,"column":30},"end":{"line":21,"column":31}},"loc":{"start":{"line":21,"column":56},"end":{"line":27,"column":3}},"line":21},"8":{"name":"(anonymous_8)","decl":{"start":{"line":23,"column":12},"end":{"line":23,"column":13}},"loc":{"start":{"line":23,"column":23},"end":{"line":25,"column":9}},"line":23},"9":{"name":"(anonymous_9)","decl":{"start":{"line":26,"column":13},"end":{"line":26,"column":14}},"loc":{"start":{"line":26,"column":22},"end":{"line":26,"column":31}},"line":26},"10":{"name":"(anonymous_10)","decl":{"start":{"line":29,"column":21},"end":{"line":29,"column":22}},"loc":{"start":{"line":29,"column":47},"end":{"line":35,"column":3}},"line":29},"11":{"name":"(anonymous_11)","decl":{"start":{"line":31,"column":12},"end":{"line":31,"column":13}},"loc":{"start":{"line":31,"column":28},"end":{"line":33,"column":9}},"line":31},"12":{"name":"(anonymous_12)","decl":{"start":{"line":34,"column":13},"end":{"line":34,"column":14}},"loc":{"start":{"line":34,"column":22},"end":{"line":34,"column":31}},"line":34}},"branchMap":{"0":{"loc":{"start":{"line":10,"column":8},"end":{"line":11,"column":20}},"type":"if","locations":[{"start":{"line":10,"column":8},"end":{"line":11,"column":20}},{"start":{"line":10,"column":8},"end":{"line":11,"column":20}}],"line":10}},"s":{"0":9,"1":9,"2":9,"3":9,"4":9,"5":2,"6":2,"7":1,"8":1,"9":1,"10":9,"11":15,"12":6,"13":9,"14":9,"15":1,"16":1,"17":0,"18":9,"19":1,"20":1,"21":0,"22":9},"f":{"0":9,"1":2,"2":2,"3":1,"4":15,"5":6,"6":9,"7":1,"8":1,"9":0,"10":1,"11":1,"12":0},"b":{"0":[1,1]},"_coverageSchema":"332fd63041d2c1bcb487cc26dd0d5f7d97098a6c","hash":"c1279d5820b510747be5b7072b3f9ce5f9a8a576"}
,"D:\\IPCA\\2o Ano\\Projeto final\\Crypto-Challenge-BackEnd\\API\\src\\routes\\users.js": {"path":"D:\\IPCA\\2o Ano\\Projeto final\\Crypto-Challenge-BackEnd\\API\\src\\routes\\users.js","statementMap":{"0":{"start":{"line":1,"column":16},"end":{"line":1,"column":34}},"1":{"start":{"line":2,"column":23},"end":{"line":2,"column":58}},"2":{"start":{"line":3,"column":24},"end":{"line":3,"column":60}},"3":{"start":{"line":6,"column":0},"end":{"line":54,"column":2}},"4":{"start":{"line":7,"column":17},"end":{"line":7,"column":33}},"5":{"start":{"line":9,"column":2},"end":{"line":16,"column":5}},"6":{"start":{"line":10,"column":4},"end":{"line":15,"column":35}},"7":{"start":{"line":12,"column":8},"end":{"line":12,"column":72}},"8":{"start":{"line":12,"column":19},"end":{"line":12,"column":72}},"9":{"start":{"line":13,"column":8},"end":{"line":14,"column":20}},"10":{"start":{"line":13,"column":37},"end":{"line":13,"column":64}},"11":{"start":{"line":14,"column":13},"end":{"line":14,"column":20}},"12":{"start":{"line":15,"column":24},"end":{"line":15,"column":33}},"13":{"start":{"line":18,"column":2},"end":{"line":22,"column":5}},"14":{"start":{"line":19,"column":4},"end":{"line":21,"column":33}},"15":{"start":{"line":20,"column":24},"end":{"line":20,"column":52}},"16":{"start":{"line":21,"column":22},"end":{"line":21,"column":31}},"17":{"start":{"line":24,"column":2},"end":{"line":31,"column":5}},"18":{"start":{"line":25,"column":4},"end":{"line":30,"column":5}},"19":{"start":{"line":26,"column":21},"end":{"line":26,"column":59}},"20":{"start":{"line":27,"column":6},"end":{"line":27,"column":45}},"21":{"start":{"line":29,"column":6},"end":{"line":29,"column":23}},"22":{"start":{"line":33,"column":2},"end":{"line":39,"column":5}},"23":{"start":{"line":34,"column":4},"end":{"line":38,"column":33}},"24":{"start":{"line":36,"column":8},"end":{"line":36,"column":44}},"25":{"start":{"line":38,"column":22},"end":{"line":38,"column":31}},"26":{"start":{"line":41,"column":2},"end":{"line":45,"column":5}},"27":{"start":{"line":42,"column":4},"end":{"line":44,"column":33}},"28":{"start":{"line":43,"column":18},"end":{"line":43,"column":40}},"29":{"start":{"line":44,"column":22},"end":{"line":44,"column":31}},"30":{"start":{"line":47,"column":2},"end":{"line":51,"column":5}},"31":{"start":{"line":48,"column":4},"end":{"line":50,"column":33}},"32":{"start":{"line":49,"column":24},"end":{"line":49,"column":55}},"33":{"start":{"line":50,"column":22},"end":{"line":50,"column":31}},"34":{"start":{"line":53,"column":2},"end":{"line":53,"column":16}}},"fnMap":{"0":{"name":"(anonymous_0)","decl":{"start":{"line":6,"column":17},"end":{"line":6,"column":18}},"loc":{"start":{"line":6,"column":26},"end":{"line":54,"column":1}},"line":6},"1":{"name":"(anonymous_1)","decl":{"start":{"line":9,"column":21},"end":{"line":9,"column":22}},"loc":{"start":{"line":9,"column":41},"end":{"line":16,"column":3}},"line":9},"2":{"name":"(anonymous_2)","decl":{"start":{"line":11,"column":12},"end":{"line":11,"column":13}},"loc":{"start":{"line":11,"column":22},"end":{"line":15,"column":7}},"line":11},"3":{"name":"(anonymous_3)","decl":{"start":{"line":15,"column":15},"end":{"line":15,"column":16}},"loc":{"start":{"line":15,"column":24},"end":{"line":15,"column":33}},"line":15},"4":{"name":"(anonymous_4)","decl":{"start":{"line":18,"column":18},"end":{"line":18,"column":19}},"loc":{"start":{"line":18,"column":38},"end":{"line":22,"column":3}},"line":18},"5":{"name":"(anonymous_5)","decl":{"start":{"line":20,"column":12},"end":{"line":20,"column":13}},"loc":{"start":{"line":20,"column":24},"end":{"line":20,"column":52}},"line":20},"6":{"name":"(anonymous_6)","decl":{"start":{"line":21,"column":13},"end":{"line":21,"column":14}},"loc":{"start":{"line":21,"column":22},"end":{"line":21,"column":31}},"line":21},"7":{"name":"(anonymous_7)","decl":{"start":{"line":24,"column":19},"end":{"line":24,"column":20}},"loc":{"start":{"line":24,"column":45},"end":{"line":31,"column":3}},"line":24},"8":{"name":"(anonymous_8)","decl":{"start":{"line":33,"column":21},"end":{"line":33,"column":22}},"loc":{"start":{"line":33,"column":41},"end":{"line":39,"column":3}},"line":33},"9":{"name":"(anonymous_9)","decl":{"start":{"line":35,"column":12},"end":{"line":35,"column":13}},"loc":{"start":{"line":35,"column":24},"end":{"line":37,"column":7}},"line":35},"10":{"name":"(anonymous_10)","decl":{"start":{"line":38,"column":13},"end":{"line":38,"column":14}},"loc":{"start":{"line":38,"column":22},"end":{"line":38,"column":31}},"line":38},"11":{"name":"(anonymous_11)","decl":{"start":{"line":41,"column":24},"end":{"line":41,"column":25}},"loc":{"start":{"line":41,"column":44},"end":{"line":45,"column":3}},"line":41},"12":{"name":"(anonymous_12)","decl":{"start":{"line":43,"column":12},"end":{"line":43,"column":13}},"loc":{"start":{"line":43,"column":18},"end":{"line":43,"column":40}},"line":43},"13":{"name":"(anonymous_13)","decl":{"start":{"line":44,"column":13},"end":{"line":44,"column":14}},"loc":{"start":{"line":44,"column":22},"end":{"line":44,"column":31}},"line":44},"14":{"name":"(anonymous_14)","decl":{"start":{"line":47,"column":21},"end":{"line":47,"column":22}},"loc":{"start":{"line":47,"column":41},"end":{"line":51,"column":3}},"line":47},"15":{"name":"(anonymous_15)","decl":{"start":{"line":49,"column":12},"end":{"line":49,"column":13}},"loc":{"start":{"line":49,"column":24},"end":{"line":49,"column":55}},"line":49},"16":{"name":"(anonymous_16)","decl":{"start":{"line":50,"column":13},"end":{"line":50,"column":14}},"loc":{"start":{"line":50,"column":22},"end":{"line":50,"column":31}},"line":50}},"branchMap":{"0":{"loc":{"start":{"line":12,"column":8},"end":{"line":12,"column":72}},"type":"if","locations":[{"start":{"line":12,"column":8},"end":{"line":12,"column":72}},{"start":{"line":12,"column":8},"end":{"line":12,"column":72}}],"line":12},"1":{"loc":{"start":{"line":13,"column":8},"end":{"line":14,"column":20}},"type":"if","locations":[{"start":{"line":13,"column":8},"end":{"line":14,"column":20}},{"start":{"line":13,"column":8},"end":{"line":14,"column":20}}],"line":13}},"s":{"0":9,"1":9,"2":9,"3":9,"4":9,"5":9,"6":5,"7":5,"8":1,"9":4,"10":1,"11":3,"12":2,"13":9,"14":1,"15":1,"16":0,"17":9,"18":9,"19":9,"20":2,"21":7,"22":9,"23":1,"24":1,"25":0,"26":9,"27":1,"28":1,"29":0,"30":9,"31":1,"32":1,"33":0,"34":9},"f":{"0":9,"1":5,"2":5,"3":2,"4":1,"5":1,"6":0,"7":9,"8":1,"9":1,"10":0,"11":1,"12":1,"13":0,"14":1,"15":1,"16":0},"b":{"0":[1,4],"1":[1,3]},"_coverageSchema":"332fd63041d2c1bcb487cc26dd0d5f7d97098a6c","hash":"fcf7a2b560fcd0d542511736fe6119da3af8f9b5"}
,"D:\\IPCA\\2o Ano\\Projeto final\\Crypto-Challenge-BackEnd\\API\\src\\services\\crypto.js": {"path":"D:\\IPCA\\2o Ano\\Projeto final\\Crypto-Challenge-BackEnd\\API\\src\\services\\crypto.js","statementMap":{"0":{"start":{"line":1,"column":24},"end":{"line":1,"column":60}},"1":{"start":{"line":2,"column":14},"end":{"line":7,"column":1}},"2":{"start":{"line":9,"column":0},"end":{"line":68,"column":2}},"3":{"start":{"line":10,"column":18},"end":{"line":12,"column":3}},"4":{"start":{"line":11,"column":4},"end":{"line":11,"column":55}},"5":{"start":{"line":14,"column":18},"end":{"line":16,"column":3}},"6":{"start":{"line":15,"column":4},"end":{"line":15,"column":51}},"7":{"start":{"line":18,"column":15},"end":{"line":25,"column":3}},"8":{"start":{"line":19,"column":4},"end":{"line":19,"column":82}},"9":{"start":{"line":19,"column":22},"end":{"line":19,"column":82}},"10":{"start":{"line":21,"column":21},"end":{"line":21,"column":57}},"11":{"start":{"line":22,"column":4},"end":{"line":22,"column":68}},"12":{"start":{"line":22,"column":18},"end":{"line":22,"column":68}},"13":{"start":{"line":24,"column":4},"end":{"line":24,"column":60}},"14":{"start":{"line":27,"column":17},"end":{"line":31,"column":3}},"15":{"start":{"line":28,"column":4},"end":{"line":30,"column":27}},"16":{"start":{"line":33,"column":17},"end":{"line":40,"column":3}},"17":{"start":{"line":34,"column":19},"end":{"line":34,"column":64}},"18":{"start":{"line":35,"column":4},"end":{"line":35,"column":72}},"19":{"start":{"line":35,"column":17},"end":{"line":35,"column":72}},"20":{"start":{"line":37,"column":4},"end":{"line":39,"column":13}},"21":{"start":{"line":42,"column":30},"end":{"line":65,"column":3}},"22":{"start":{"line":43,"column":17},"end":{"line":43,"column":75}},"23":{"start":{"line":44,"column":4},"end":{"line":44,"column":68}},"24":{"start":{"line":44,"column":15},"end":{"line":44,"column":68}},"25":{"start":{"line":47,"column":37},"end":{"line":47,"column":41}},"26":{"start":{"line":48,"column":38},"end":{"line":48,"column":42}},"27":{"start":{"line":49,"column":37},"end":{"line":49,"column":41}},"28":{"start":{"line":50,"column":38},"end":{"line":50,"column":42}},"29":{"start":{"line":51,"column":17},"end":{"line":51,"column":115}},"30":{"start":{"line":52,"column":20},"end":{"line":52,"column":22}},"31":{"start":{"line":54,"column":4},"end":{"line":62,"column":5}},"32":{"start":{"line":55,"column":18},"end":{"line":59,"column":20}},"33":{"start":{"line":61,"column":6},"end":{"line":61,"column":27}},"34":{"start":{"line":64,"column":4},"end":{"line":64,"column":21}},"35":{"start":{"line":67,"column":2},"end":{"line":67,"column":73}}},"fnMap":{"0":{"name":"(anonymous_0)","decl":{"start":{"line":9,"column":17},"end":{"line":9,"column":18}},"loc":{"start":{"line":9,"column":26},"end":{"line":68,"column":1}},"line":9},"1":{"name":"(anonymous_1)","decl":{"start":{"line":10,"column":18},"end":{"line":10,"column":19}},"loc":{"start":{"line":10,"column":35},"end":{"line":12,"column":3}},"line":10},"2":{"name":"(anonymous_2)","decl":{"start":{"line":14,"column":18},"end":{"line":14,"column":19}},"loc":{"start":{"line":14,"column":35},"end":{"line":16,"column":3}},"line":14},"3":{"name":"(anonymous_3)","decl":{"start":{"line":18,"column":15},"end":{"line":18,"column":16}},"loc":{"start":{"line":18,"column":33},"end":{"line":25,"column":3}},"line":18},"4":{"name":"(anonymous_4)","decl":{"start":{"line":27,"column":17},"end":{"line":27,"column":18}},"loc":{"start":{"line":27,"column":33},"end":{"line":31,"column":3}},"line":27},"5":{"name":"(anonymous_5)","decl":{"start":{"line":33,"column":17},"end":{"line":33,"column":18}},"loc":{"start":{"line":33,"column":31},"end":{"line":40,"column":3}},"line":33},"6":{"name":"(anonymous_6)","decl":{"start":{"line":42,"column":30},"end":{"line":42,"column":31}},"loc":{"start":{"line":42,"column":49},"end":{"line":65,"column":3}},"line":42}},"branchMap":{"0":{"loc":{"start":{"line":10,"column":19},"end":{"line":10,"column":30}},"type":"default-arg","locations":[{"start":{"line":10,"column":28},"end":{"line":10,"column":30}}],"line":10},"1":{"loc":{"start":{"line":14,"column":19},"end":{"line":14,"column":30}},"type":"default-arg","locations":[{"start":{"line":14,"column":28},"end":{"line":14,"column":30}}],"line":14},"2":{"loc":{"start":{"line":19,"column":4},"end":{"line":19,"column":82}},"type":"if","locations":[{"start":{"line":19,"column":4},"end":{"line":19,"column":82}},{"start":{"line":19,"column":4},"end":{"line":19,"column":82}}],"line":19},"3":{"loc":{"start":{"line":22,"column":4},"end":{"line":22,"column":68}},"type":"if","locations":[{"start":{"line":22,"column":4},"end":{"line":22,"column":68}},{"start":{"line":22,"column":4},"end":{"line":22,"column":68}}],"line":22},"4":{"loc":{"start":{"line":35,"column":4},"end":{"line":35,"column":72}},"type":"if","locations":[{"start":{"line":35,"column":4},"end":{"line":35,"column":72}},{"start":{"line":35,"column":4},"end":{"line":35,"column":72}}],"line":35},"5":{"loc":{"start":{"line":44,"column":4},"end":{"line":44,"column":68}},"type":"if","locations":[{"start":{"line":44,"column":4},"end":{"line":44,"column":68}},{"start":{"line":44,"column":4},"end":{"line":44,"column":68}}],"line":44}},"s":{"0":9,"1":9,"2":9,"3":9,"4":9,"5":9,"6":4,"7":9,"8":2,"9":0,"10":2,"11":2,"12":1,"13":1,"14":9,"15":1,"16":9,"17":1,"18":1,"19":0,"20":1,"21":9,"22":1,"23":1,"24":0,"25":1,"26":1,"27":1,"28":1,"29":1,"30":1,"31":1,"32":4,"33":4,"34":1,"35":9},"f":{"0":9,"1":9,"2":4,"3":2,"4":1,"5":1,"6":1},"b":{"0":[9],"1":[0],"2":[0,2],"3":[1,1],"4":[0,1],"5":[0,1]},"_coverageSchema":"332fd63041d2c1bcb487cc26dd0d5f7d97098a6c","hash":"16b788ed0a6aad01e68bd5c6414803e4d1595ead"}
,"D:\\IPCA\\2o Ano\\Projeto final\\Crypto-Challenge-BackEnd\\API\\src\\services\\game.js": {"path":"D:\\IPCA\\2o Ano\\Projeto final\\Crypto-Challenge-BackEnd\\API\\src\\services\\game.js","statementMap":{"0":{"start":{"line":1,"column":24},"end":{"line":1,"column":60}},"1":{"start":{"line":2,"column":27},"end":{"line":2,"column":31}},"2":{"start":{"line":3,"column":28},"end":{"line":3,"column":32}},"3":{"start":{"line":4,"column":27},"end":{"line":4,"column":31}},"4":{"start":{"line":5,"column":28},"end":{"line":5,"column":32}},"5":{"start":{"line":8,"column":0},"end":{"line":52,"column":2}},"6":{"start":{"line":9,"column":18},"end":{"line":11,"column":3}},"7":{"start":{"line":10,"column":4},"end":{"line":10,"column":53}},"8":{"start":{"line":13,"column":18},"end":{"line":16,"column":3}},"9":{"start":{"line":14,"column":4},"end":{"line":14,"column":95}},"10":{"start":{"line":14,"column":37},"end":{"line":14,"column":95}},"11":{"start":{"line":15,"column":4},"end":{"line":15,"column":49}},"12":{"start":{"line":18,"column":15},"end":{"line":34,"column":3}},"13":{"start":{"line":20,"column":4},"end":{"line":20,"column":90}},"14":{"start":{"line":20,"column":25},"end":{"line":20,"column":90}},"15":{"start":{"line":23,"column":12},"end":{"line":23,"column":36}},"16":{"start":{"line":24,"column":12},"end":{"line":24,"column":34}},"17":{"start":{"line":25,"column":21},"end":{"line":25,"column":35}},"18":{"start":{"line":26,"column":4},"end":{"line":26,"column":35}},"19":{"start":{"line":28,"column":4},"end":{"line":28,"column":101}},"20":{"start":{"line":29,"column":4},"end":{"line":29,"column":103}},"21":{"start":{"line":30,"column":4},"end":{"line":30,"column":101}},"22":{"start":{"line":31,"column":4},"end":{"line":31,"column":103}},"23":{"start":{"line":33,"column":4},"end":{"line":33,"column":47}},"24":{"start":{"line":36,"column":17},"end":{"line":40,"column":3}},"25":{"start":{"line":37,"column":4},"end":{"line":39,"column":25}},"26":{"start":{"line":51,"column":2},"end":{"line":51,"column":44}}},"fnMap":{"0":{"name":"(anonymous_0)","decl":{"start":{"line":8,"column":17},"end":{"line":8,"column":18}},"loc":{"start":{"line":8,"column":26},"end":{"line":52,"column":1}},"line":8},"1":{"name":"(anonymous_1)","decl":{"start":{"line":9,"column":18},"end":{"line":9,"column":19}},"loc":{"start":{"line":9,"column":35},"end":{"line":11,"column":3}},"line":9},"2":{"name":"(anonymous_2)","decl":{"start":{"line":13,"column":18},"end":{"line":13,"column":19}},"loc":{"start":{"line":13,"column":35},"end":{"line":16,"column":3}},"line":13},"3":{"name":"(anonymous_3)","decl":{"start":{"line":18,"column":15},"end":{"line":18,"column":16}},"loc":{"start":{"line":18,"column":31},"end":{"line":34,"column":3}},"line":18},"4":{"name":"(anonymous_4)","decl":{"start":{"line":36,"column":17},"end":{"line":36,"column":18}},"loc":{"start":{"line":36,"column":31},"end":{"line":40,"column":3}},"line":36}},"branchMap":{"0":{"loc":{"start":{"line":9,"column":19},"end":{"line":9,"column":30}},"type":"default-arg","locations":[{"start":{"line":9,"column":28},"end":{"line":9,"column":30}}],"line":9},"1":{"loc":{"start":{"line":13,"column":19},"end":{"line":13,"column":30}},"type":"default-arg","locations":[{"start":{"line":13,"column":28},"end":{"line":13,"column":30}}],"line":13},"2":{"loc":{"start":{"line":14,"column":4},"end":{"line":14,"column":95}},"type":"if","locations":[{"start":{"line":14,"column":4},"end":{"line":14,"column":95}},{"start":{"line":14,"column":4},"end":{"line":14,"column":95}}],"line":14},"3":{"loc":{"start":{"line":20,"column":4},"end":{"line":20,"column":90}},"type":"if","locations":[{"start":{"line":20,"column":4},"end":{"line":20,"column":90}},{"start":{"line":20,"column":4},"end":{"line":20,"column":90}}],"line":20}},"s":{"0":9,"1":9,"2":9,"3":9,"4":9,"5":9,"6":9,"7":1,"8":9,"9":2,"10":0,"11":2,"12":9,"13":7,"14":0,"15":7,"16":7,"17":7,"18":7,"19":7,"20":7,"21":7,"22":7,"23":7,"24":9,"25":1,"26":9},"f":{"0":9,"1":1,"2":2,"3":7,"4":1},"b":{"0":[1],"1":[0],"2":[0,2],"3":[0,7]},"_coverageSchema":"332fd63041d2c1bcb487cc26dd0d5f7d97098a6c","hash":"5e206e764f9fc12ea3c2100c30fe3865e230f332"}
,"D:\\IPCA\\2o Ano\\Projeto final\\Crypto-Challenge-BackEnd\\API\\src\\services\\gameUser.js": {"path":"D:\\IPCA\\2o Ano\\Projeto final\\Crypto-Challenge-BackEnd\\API\\src\\services\\gameUser.js","statementMap":{"0":{"start":{"line":1,"column":16},"end":{"line":1,"column":35}},"1":{"start":{"line":2,"column":17},"end":{"line":2,"column":43}},"2":{"start":{"line":3,"column":24},"end":{"line":3,"column":60}},"3":{"start":{"line":6,"column":0},"end":{"line":69,"column":2}},"4":{"start":{"line":7,"column":18},"end":{"line":9,"column":3}},"5":{"start":{"line":8,"column":4},"end":{"line":8,"column":59}},"6":{"start":{"line":11,"column":29},"end":{"line":13,"column":3}},"7":{"start":{"line":12,"column":4},"end":{"line":12,"column":60}},"8":{"start":{"line":15,"column":18},"end":{"line":22,"column":3}},"9":{"start":{"line":16,"column":16},"end":{"line":16,"column":45}},"10":{"start":{"line":17,"column":4},"end":{"line":17,"column":97}},"11":{"start":{"line":17,"column":39},"end":{"line":17,"column":97}},"12":{"start":{"line":18,"column":4},"end":{"line":20,"column":5}},"13":{"start":{"line":19,"column":6},"end":{"line":19,"column":99}},"14":{"start":{"line":19,"column":41},"end":{"line":19,"column":99}},"15":{"start":{"line":21,"column":4},"end":{"line":21,"column":55}},"16":{"start":{"line":24,"column":15},"end":{"line":43,"column":3}},"17":{"start":{"line":27,"column":4},"end":{"line":27,"column":93}},"18":{"start":{"line":27,"column":30},"end":{"line":27,"column":93}},"19":{"start":{"line":28,"column":4},"end":{"line":28,"column":93}},"20":{"start":{"line":28,"column":30},"end":{"line":28,"column":93}},"21":{"start":{"line":30,"column":25},"end":{"line":30,"column":51}},"22":{"start":{"line":31,"column":4},"end":{"line":31,"column":87}},"23":{"start":{"line":31,"column":22},"end":{"line":31,"column":87}},"24":{"start":{"line":34,"column":4},"end":{"line":34,"column":68}},"25":{"start":{"line":36,"column":20},"end":{"line":36,"column":55}},"26":{"start":{"line":38,"column":4},"end":{"line":40,"column":5}},"27":{"start":{"line":39,"column":6},"end":{"line":39,"column":99}},"28":{"start":{"line":41,"column":4},"end":{"line":41,"column":21}},"29":{"start":{"line":45,"column":17},"end":{"line":61,"column":3}},"30":{"start":{"line":46,"column":21},"end":{"line":46,"column":54}},"31":{"start":{"line":47,"column":22},"end":{"line":47,"column":62}},"32":{"start":{"line":50,"column":4},"end":{"line":56,"column":5}},"33":{"start":{"line":51,"column":6},"end":{"line":51,"column":42}},"34":{"start":{"line":54,"column":6},"end":{"line":54,"column":106}},"35":{"start":{"line":54,"column":35},"end":{"line":54,"column":106}},"36":{"start":{"line":55,"column":6},"end":{"line":55,"column":32}},"37":{"start":{"line":58,"column":4},"end":{"line":60,"column":47}},"38":{"start":{"line":63,"column":23},"end":{"line":66,"column":3}},"39":{"start":{"line":64,"column":23},"end":{"line":64,"column":56}},"40":{"start":{"line":65,"column":4},"end":{"line":65,"column":42}},"41":{"start":{"line":68,"column":2},"end":{"line":68,"column":64}}},"fnMap":{"0":{"name":"(anonymous_0)","decl":{"start":{"line":6,"column":17},"end":{"line":6,"column":18}},"loc":{"start":{"line":6,"column":26},"end":{"line":69,"column":1}},"line":6},"1":{"name":"(anonymous_1)","decl":{"start":{"line":7,"column":18},"end":{"line":7,"column":19}},"loc":{"start":{"line":7,"column":35},"end":{"line":9,"column":3}},"line":7},"2":{"name":"(anonymous_2)","decl":{"start":{"line":11,"column":29},"end":{"line":11,"column":30}},"loc":{"start":{"line":11,"column":46},"end":{"line":13,"column":3}},"line":11},"3":{"name":"(anonymous_3)","decl":{"start":{"line":15,"column":18},"end":{"line":15,"column":19}},"loc":{"start":{"line":15,"column":35},"end":{"line":22,"column":3}},"line":15},"4":{"name":"(anonymous_4)","decl":{"start":{"line":24,"column":15},"end":{"line":24,"column":16}},"loc":{"start":{"line":24,"column":38},"end":{"line":43,"column":3}},"line":24},"5":{"name":"(anonymous_5)","decl":{"start":{"line":45,"column":17},"end":{"line":45,"column":18}},"loc":{"start":{"line":45,"column":34},"end":{"line":61,"column":3}},"line":45},"6":{"name":"(anonymous_6)","decl":{"start":{"line":63,"column":23},"end":{"line":63,"column":24}},"loc":{"start":{"line":63,"column":45},"end":{"line":66,"column":3}},"line":63}},"branchMap":{"0":{"loc":{"start":{"line":7,"column":19},"end":{"line":7,"column":30}},"type":"default-arg","locations":[{"start":{"line":7,"column":28},"end":{"line":7,"column":30}}],"line":7},"1":{"loc":{"start":{"line":11,"column":30},"end":{"line":11,"column":41}},"type":"default-arg","locations":[{"start":{"line":11,"column":39},"end":{"line":11,"column":41}}],"line":11},"2":{"loc":{"start":{"line":15,"column":19},"end":{"line":15,"column":30}},"type":"default-arg","locations":[{"start":{"line":15,"column":28},"end":{"line":15,"column":30}}],"line":15},"3":{"loc":{"start":{"line":17,"column":4},"end":{"line":17,"column":97}},"type":"if","locations":[{"start":{"line":17,"column":4},"end":{"line":17,"column":97}},{"start":{"line":17,"column":4},"end":{"line":17,"column":97}}],"line":17},"4":{"loc":{"start":{"line":18,"column":4},"end":{"line":20,"column":5}},"type":"if","locations":[{"start":{"line":18,"column":4},"end":{"line":20,"column":5}},{"start":{"line":18,"column":4},"end":{"line":20,"column":5}}],"line":18},"5":{"loc":{"start":{"line":19,"column":6},"end":{"line":19,"column":99}},"type":"if","locations":[{"start":{"line":19,"column":6},"end":{"line":19,"column":99}},{"start":{"line":19,"column":6},"end":{"line":19,"column":99}}],"line":19},"6":{"loc":{"start":{"line":27,"column":4},"end":{"line":27,"column":93}},"type":"if","locations":[{"start":{"line":27,"column":4},"end":{"line":27,"column":93}},{"start":{"line":27,"column":4},"end":{"line":27,"column":93}}],"line":27},"7":{"loc":{"start":{"line":28,"column":4},"end":{"line":28,"column":93}},"type":"if","locations":[{"start":{"line":28,"column":4},"end":{"line":28,"column":93}},{"start":{"line":28,"column":4},"end":{"line":28,"column":93}}],"line":28},"8":{"loc":{"start":{"line":31,"column":4},"end":{"line":31,"column":87}},"type":"if","locations":[{"start":{"line":31,"column":4},"end":{"line":31,"column":87}},{"start":{"line":31,"column":4},"end":{"line":31,"column":87}}],"line":31},"9":{"loc":{"start":{"line":50,"column":4},"end":{"line":56,"column":5}},"type":"if","locations":[{"start":{"line":50,"column":4},"end":{"line":56,"column":5}},{"start":{"line":50,"column":4},"end":{"line":56,"column":5}}],"line":50},"10":{"loc":{"start":{"line":54,"column":6},"end":{"line":54,"column":106}},"type":"if","locations":[{"start":{"line":54,"column":6},"end":{"line":54,"column":106}},{"start":{"line":54,"column":6},"end":{"line":54,"column":106}}],"line":54}},"s":{"0":9,"1":9,"2":9,"3":9,"4":9,"5":0,"6":9,"7":1,"8":9,"9":20,"10":20,"11":0,"12":20,"13":10,"14":1,"15":19,"16":9,"17":10,"18":1,"19":9,"20":1,"21":8,"22":8,"23":0,"24":8,"25":8,"26":8,"27":32,"28":8,"29":9,"30":7,"31":7,"32":7,"33":2,"34":5,"35":1,"36":4,"37":6,"38":9,"39":7,"40":7,"41":9},"f":{"0":9,"1":0,"2":1,"3":20,"4":10,"5":7,"6":7},"b":{"0":[0],"1":[0],"2":[0],"3":[0,20],"4":[10,10],"5":[1,9],"6":[1,9],"7":[1,8],"8":[0,8],"9":[2,5],"10":[1,4]},"_coverageSchema":"332fd63041d2c1bcb487cc26dd0d5f7d97098a6c","hash":"a46123c6aa79ada94350fdfa0a0a783091225994"}
,"D:\\IPCA\\2o Ano\\Projeto final\\Crypto-Challenge-BackEnd\\API\\src\\services\\gameWallet.js": {"path":"D:\\IPCA\\2o Ano\\Projeto final\\Crypto-Challenge-BackEnd\\API\\src\\services\\gameWallet.js","statementMap":{"0":{"start":{"line":1,"column":24},"end":{"line":1,"column":60}},"1":{"start":{"line":3,"column":0},"end":{"line":45,"column":2}},"2":{"start":{"line":4,"column":18},"end":{"line":6,"column":3}},"3":{"start":{"line":5,"column":4},"end":{"line":5,"column":55}},"4":{"start":{"line":8,"column":28},"end":{"line":16,"column":3}},"5":{"start":{"line":9,"column":17},"end":{"line":12,"column":63}},"6":{"start":{"line":14,"column":4},"end":{"line":14,"column":55}},"7":{"start":{"line":15,"column":4},"end":{"line":15,"column":18}},"8":{"start":{"line":18,"column":15},"end":{"line":23,"column":3}},"9":{"start":{"line":19,"column":4},"end":{"line":19,"column":104}},"10":{"start":{"line":19,"column":36},"end":{"line":19,"column":104}},"11":{"start":{"line":20,"column":4},"end":{"line":20,"column":96}},"12":{"start":{"line":20,"column":31},"end":{"line":20,"column":96}},"13":{"start":{"line":22,"column":4},"end":{"line":22,"column":59}},"14":{"start":{"line":26,"column":17},"end":{"line":42,"column":3}},"15":{"start":{"line":27,"column":34},"end":{"line":27,"column":116}},"16":{"start":{"line":28,"column":4},"end":{"line":28,"column":76}},"17":{"start":{"line":31,"column":4},"end":{"line":37,"column":5}},"18":{"start":{"line":32,"column":6},"end":{"line":32,"column":53}},"19":{"start":{"line":35,"column":6},"end":{"line":35,"column":140}},"20":{"start":{"line":35,"column":66},"end":{"line":35,"column":140}},"21":{"start":{"line":36,"column":6},"end":{"line":36,"column":53}},"22":{"start":{"line":39,"column":4},"end":{"line":41,"column":63}},"23":{"start":{"line":44,"column":2},"end":{"line":44,"column":54}}},"fnMap":{"0":{"name":"(anonymous_0)","decl":{"start":{"line":3,"column":17},"end":{"line":3,"column":18}},"loc":{"start":{"line":3,"column":26},"end":{"line":45,"column":1}},"line":3},"1":{"name":"(anonymous_1)","decl":{"start":{"line":4,"column":18},"end":{"line":4,"column":19}},"loc":{"start":{"line":4,"column":35},"end":{"line":6,"column":3}},"line":4},"2":{"name":"(anonymous_2)","decl":{"start":{"line":8,"column":28},"end":{"line":8,"column":29}},"loc":{"start":{"line":8,"column":63},"end":{"line":16,"column":3}},"line":8},"3":{"name":"(anonymous_3)","decl":{"start":{"line":18,"column":15},"end":{"line":18,"column":16}},"loc":{"start":{"line":18,"column":37},"end":{"line":23,"column":3}},"line":18},"4":{"name":"(anonymous_4)","decl":{"start":{"line":26,"column":17},"end":{"line":26,"column":18}},"loc":{"start":{"line":26,"column":34},"end":{"line":42,"column":3}},"line":26}},"branchMap":{"0":{"loc":{"start":{"line":4,"column":19},"end":{"line":4,"column":30}},"type":"default-arg","locations":[{"start":{"line":4,"column":28},"end":{"line":4,"column":30}}],"line":4},"1":{"loc":{"start":{"line":19,"column":4},"end":{"line":19,"column":104}},"type":"if","locations":[{"start":{"line":19,"column":4},"end":{"line":19,"column":104}},{"start":{"line":19,"column":4},"end":{"line":19,"column":104}}],"line":19},"2":{"loc":{"start":{"line":20,"column":4},"end":{"line":20,"column":96}},"type":"if","locations":[{"start":{"line":20,"column":4},"end":{"line":20,"column":96}},{"start":{"line":20,"column":4},"end":{"line":20,"column":96}}],"line":20},"3":{"loc":{"start":{"line":31,"column":4},"end":{"line":37,"column":5}},"type":"if","locations":[{"start":{"line":31,"column":4},"end":{"line":37,"column":5}},{"start":{"line":31,"column":4},"end":{"line":37,"column":5}}],"line":31},"4":{"loc":{"start":{"line":35,"column":6},"end":{"line":35,"column":140}},"type":"if","locations":[{"start":{"line":35,"column":6},"end":{"line":35,"column":140}},{"start":{"line":35,"column":6},"end":{"line":35,"column":140}}],"line":35}},"s":{"0":9,"1":9,"2":9,"3":7,"4":9,"5":1,"6":1,"7":1,"8":9,"9":34,"10":1,"11":33,"12":1,"13":32,"14":9,"15":7,"16":7,"17":7,"18":4,"19":3,"20":1,"21":2,"22":6,"23":9},"f":{"0":9,"1":7,"2":1,"3":34,"4":7},"b":{"0":[0],"1":[1,33],"2":[1,32],"3":[4,3],"4":[1,2]},"_coverageSchema":"332fd63041d2c1bcb487cc26dd0d5f7d97098a6c","hash":"8658e75ad11d2d12ca6fa55ec47801bca6ec315a"}
,"D:\\IPCA\\2o Ano\\Projeto final\\Crypto-Challenge-BackEnd\\API\\src\\services\\leaderboard.js": {"path":"D:\\IPCA\\2o Ano\\Projeto final\\Crypto-Challenge-BackEnd\\API\\src\\services\\leaderboard.js","statementMap":{"0":{"start":{"line":1,"column":24},"end":{"line":1,"column":60}},"1":{"start":{"line":3,"column":0},"end":{"line":13,"column":2}},"2":{"start":{"line":4,"column":15},"end":{"line":10,"column":3}},"3":{"start":{"line":5,"column":4},"end":{"line":9,"column":99}},"4":{"start":{"line":12,"column":2},"end":{"line":12,"column":18}}},"fnMap":{"0":{"name":"(anonymous_0)","decl":{"start":{"line":3,"column":17},"end":{"line":3,"column":18}},"loc":{"start":{"line":3,"column":26},"end":{"line":13,"column":1}},"line":3},"1":{"name":"(anonymous_1)","decl":{"start":{"line":4,"column":15},"end":{"line":4,"column":16}},"loc":{"start":{"line":4,"column":38},"end":{"line":10,"column":3}},"line":4}},"branchMap":{"0":{"loc":{"start":{"line":4,"column":22},"end":{"line":4,"column":33}},"type":"default-arg","locations":[{"start":{"line":4,"column":31},"end":{"line":4,"column":33}}],"line":4}},"s":{"0":9,"1":9,"2":9,"3":1,"4":9},"f":{"0":9,"1":1},"b":{"0":[0]},"_coverageSchema":"332fd63041d2c1bcb487cc26dd0d5f7d97098a6c","hash":"bdd5d23e30f2ce30b4ff0704359c21d62f6bc842"}
,"D:\\IPCA\\2o Ano\\Projeto final\\Crypto-Challenge-BackEnd\\API\\src\\services\\transaction.js": {"path":"D:\\IPCA\\2o Ano\\Projeto final\\Crypto-Challenge-BackEnd\\API\\src\\services\\transaction.js","statementMap":{"0":{"start":{"line":1,"column":24},"end":{"line":1,"column":60}},"1":{"start":{"line":3,"column":0},"end":{"line":74,"column":2}},"2":{"start":{"line":6,"column":18},"end":{"line":18,"column":3}},"3":{"start":{"line":9,"column":24},"end":{"line":9,"column":92}},"4":{"start":{"line":10,"column":19},"end":{"line":10,"column":21}},"5":{"start":{"line":11,"column":4},"end":{"line":13,"column":5}},"6":{"start":{"line":12,"column":6},"end":{"line":12,"column":41}},"7":{"start":{"line":15,"column":4},"end":{"line":17,"column":19}},"8":{"start":{"line":20,"column":18},"end":{"line":24,"column":3}},"9":{"start":{"line":21,"column":4},"end":{"line":23,"column":15}},"10":{"start":{"line":26,"column":15},"end":{"line":57,"column":3}},"11":{"start":{"line":27,"column":4},"end":{"line":27,"column":101}},"12":{"start":{"line":27,"column":31},"end":{"line":27,"column":101}},"13":{"start":{"line":28,"column":4},"end":{"line":28,"column":93}},"14":{"start":{"line":28,"column":26},"end":{"line":28,"column":93}},"15":{"start":{"line":29,"column":4},"end":{"line":29,"column":83}},"16":{"start":{"line":29,"column":21},"end":{"line":29,"column":83}},"17":{"start":{"line":30,"column":4},"end":{"line":30,"column":83}},"18":{"start":{"line":30,"column":21},"end":{"line":30,"column":83}},"19":{"start":{"line":31,"column":4},"end":{"line":31,"column":87}},"20":{"start":{"line":31,"column":23},"end":{"line":31,"column":87}},"21":{"start":{"line":32,"column":4},"end":{"line":32,"column":102}},"22":{"start":{"line":32,"column":29},"end":{"line":32,"column":102}},"23":{"start":{"line":33,"column":4},"end":{"line":33,"column":111}},"24":{"start":{"line":33,"column":53},"end":{"line":33,"column":111}},"25":{"start":{"line":36,"column":4},"end":{"line":47,"column":5}},"26":{"start":{"line":38,"column":4},"end":{"line":38,"column":46}},"27":{"start":{"line":40,"column":4},"end":{"line":40,"column":48}},"28":{"start":{"line":44,"column":4},"end":{"line":44,"column":48}},"29":{"start":{"line":46,"column":5},"end":{"line":46,"column":47}},"30":{"start":{"line":49,"column":21},"end":{"line":49,"column":33}},"31":{"start":{"line":50,"column":4},"end":{"line":53,"column":5}},"32":{"start":{"line":52,"column":6},"end":{"line":52,"column":28}},"33":{"start":{"line":55,"column":4},"end":{"line":56,"column":29}},"34":{"start":{"line":59,"column":17},"end":{"line":63,"column":3}},"35":{"start":{"line":60,"column":4},"end":{"line":62,"column":26}},"36":{"start":{"line":71,"column":2},"end":{"line":73,"column":4}}},"fnMap":{"0":{"name":"(anonymous_0)","decl":{"start":{"line":3,"column":17},"end":{"line":3,"column":18}},"loc":{"start":{"line":3,"column":26},"end":{"line":74,"column":1}},"line":3},"1":{"name":"(anonymous_1)","decl":{"start":{"line":6,"column":18},"end":{"line":6,"column":19}},"loc":{"start":{"line":6,"column":42},"end":{"line":18,"column":3}},"line":6},"2":{"name":"(anonymous_2)","decl":{"start":{"line":20,"column":18},"end":{"line":20,"column":19}},"loc":{"start":{"line":20,"column":35},"end":{"line":24,"column":3}},"line":20},"3":{"name":"(anonymous_3)","decl":{"start":{"line":26,"column":15},"end":{"line":26,"column":16}},"loc":{"start":{"line":26,"column":32},"end":{"line":57,"column":3}},"line":26},"4":{"name":"(anonymous_4)","decl":{"start":{"line":59,"column":17},"end":{"line":59,"column":18}},"loc":{"start":{"line":59,"column":32},"end":{"line":63,"column":3}},"line":59}},"branchMap":{"0":{"loc":{"start":{"line":6,"column":26},"end":{"line":6,"column":37}},"type":"default-arg","locations":[{"start":{"line":6,"column":35},"end":{"line":6,"column":37}}],"line":6},"1":{"loc":{"start":{"line":20,"column":19},"end":{"line":20,"column":30}},"type":"default-arg","locations":[{"start":{"line":20,"column":28},"end":{"line":20,"column":30}}],"line":20},"2":{"loc":{"start":{"line":27,"column":4},"end":{"line":27,"column":101}},"type":"if","locations":[{"start":{"line":27,"column":4},"end":{"line":27,"column":101}},{"start":{"line":27,"column":4},"end":{"line":27,"column":101}}],"line":27},"3":{"loc":{"start":{"line":28,"column":4},"end":{"line":28,"column":93}},"type":"if","locations":[{"start":{"line":28,"column":4},"end":{"line":28,"column":93}},{"start":{"line":28,"column":4},"end":{"line":28,"column":93}}],"line":28},"4":{"loc":{"start":{"line":29,"column":4},"end":{"line":29,"column":83}},"type":"if","locations":[{"start":{"line":29,"column":4},"end":{"line":29,"column":83}},{"start":{"line":29,"column":4},"end":{"line":29,"column":83}}],"line":29},"5":{"loc":{"start":{"line":30,"column":4},"end":{"line":30,"column":83}},"type":"if","locations":[{"start":{"line":30,"column":4},"end":{"line":30,"column":83}},{"start":{"line":30,"column":4},"end":{"line":30,"column":83}}],"line":30},"6":{"loc":{"start":{"line":31,"column":4},"end":{"line":31,"column":87}},"type":"if","locations":[{"start":{"line":31,"column":4},"end":{"line":31,"column":87}},{"start":{"line":31,"column":4},"end":{"line":31,"column":87}}],"line":31},"7":{"loc":{"start":{"line":32,"column":4},"end":{"line":32,"column":102}},"type":"if","locations":[{"start":{"line":32,"column":4},"end":{"line":32,"column":102}},{"start":{"line":32,"column":4},"end":{"line":32,"column":102}}],"line":32},"8":{"loc":{"start":{"line":33,"column":4},"end":{"line":33,"column":111}},"type":"if","locations":[{"start":{"line":33,"column":4},"end":{"line":33,"column":111}},{"start":{"line":33,"column":4},"end":{"line":33,"column":111}}],"line":33},"9":{"loc":{"start":{"line":33,"column":10},"end":{"line":33,"column":50}},"type":"binary-expr","locations":[{"start":{"line":33,"column":10},"end":{"line":33,"column":28}},{"start":{"line":33,"column":32},"end":{"line":33,"column":50}}],"line":33},"10":{"loc":{"start":{"line":36,"column":4},"end":{"line":47,"column":5}},"type":"if","locations":[{"start":{"line":36,"column":4},"end":{"line":47,"column":5}},{"start":{"line":36,"column":4},"end":{"line":47,"column":5}}],"line":36},"11":{"loc":{"start":{"line":50,"column":4},"end":{"line":53,"column":5}},"type":"if","locations":[{"start":{"line":50,"column":4},"end":{"line":53,"column":5}},{"start":{"line":50,"column":4},"end":{"line":53,"column":5}}],"line":50},"12":{"loc":{"start":{"line":50,"column":8},"end":{"line":51,"column":49}},"type":"binary-expr","locations":[{"start":{"line":50,"column":9},"end":{"line":50,"column":27}},{"start":{"line":50,"column":31},"end":{"line":50,"column":47}},{"start":{"line":51,"column":10},"end":{"line":51,"column":28}},{"start":{"line":51,"column":32},"end":{"line":51,"column":48}}],"line":50}},"s":{"0":9,"1":9,"2":9,"3":1,"4":1,"5":1,"6":2,"7":1,"8":9,"9":1,"10":9,"11":15,"12":1,"13":14,"14":1,"15":13,"16":1,"17":12,"18":1,"19":11,"20":1,"21":10,"22":1,"23":9,"24":1,"25":8,"26":5,"27":4,"28":3,"29":2,"30":6,"31":6,"32":0,"33":6,"34":9,"35":0,"36":9},"f":{"0":9,"1":1,"2":1,"3":15,"4":0},"b":{"0":[0],"1":[0],"2":[1,14],"3":[1,13],"4":[1,12],"5":[1,11],"6":[1,10],"7":[1,9],"8":[1,8],"9":[9,4],"10":[5,3],"11":[0,6],"12":[6,4,6,2]},"_coverageSchema":"332fd63041d2c1bcb487cc26dd0d5f7d97098a6c","hash":"ed2853b20ddf4b439c6162d3e8858e406a67bd8d"}
,"D:\\IPCA\\2o Ano\\Projeto final\\Crypto-Challenge-BackEnd\\API\\src\\services\\user.js": {"path":"D:\\IPCA\\2o Ano\\Projeto final\\Crypto-Challenge-BackEnd\\API\\src\\services\\user.js","statementMap":{"0":{"start":{"line":1,"column":15},"end":{"line":1,"column":39}},"1":{"start":{"line":2,"column":24},"end":{"line":2,"column":60}},"2":{"start":{"line":4,"column":0},"end":{"line":52,"column":2}},"3":{"start":{"line":5,"column":18},"end":{"line":7,"column":3}},"4":{"start":{"line":6,"column":4},"end":{"line":6,"column":102}},"5":{"start":{"line":9,"column":18},"end":{"line":11,"column":3}},"6":{"start":{"line":10,"column":4},"end":{"line":10,"column":49}},"7":{"start":{"line":13,"column":24},"end":{"line":16,"column":3}},"8":{"start":{"line":14,"column":17},"end":{"line":14,"column":39}},"9":{"start":{"line":15,"column":4},"end":{"line":15,"column":43}},"10":{"start":{"line":18,"column":15},"end":{"line":34,"column":3}},"11":{"start":{"line":19,"column":4},"end":{"line":19,"column":93}},"12":{"start":{"line":19,"column":25},"end":{"line":19,"column":93}},"13":{"start":{"line":20,"column":4},"end":{"line":20,"column":91}},"14":{"start":{"line":20,"column":24},"end":{"line":20,"column":91}},"15":{"start":{"line":21,"column":4},"end":{"line":21,"column":90}},"16":{"start":{"line":21,"column":24},"end":{"line":21,"column":90}},"17":{"start":{"line":22,"column":4},"end":{"line":22,"column":84}},"18":{"start":{"line":22,"column":21},"end":{"line":22,"column":84}},"19":{"start":{"line":23,"column":4},"end":{"line":23,"column":90}},"20":{"start":{"line":23,"column":24},"end":{"line":23,"column":90}},"21":{"start":{"line":25,"column":19},"end":{"line":25,"column":61}},"22":{"start":{"line":26,"column":4},"end":{"line":26,"column":89}},"23":{"start":{"line":26,"column":16},"end":{"line":26,"column":89}},"24":{"start":{"line":28,"column":20},"end":{"line":28,"column":56}},"25":{"start":{"line":29,"column":4},"end":{"line":29,"column":87}},"26":{"start":{"line":29,"column":17},"end":{"line":29,"column":87}},"27":{"start":{"line":31,"column":20},"end":{"line":31,"column":31}},"28":{"start":{"line":32,"column":4},"end":{"line":32,"column":52}},"29":{"start":{"line":33,"column":4},"end":{"line":33,"column":97}},"30":{"start":{"line":36,"column":17},"end":{"line":43,"column":3}},"31":{"start":{"line":37,"column":17},"end":{"line":37,"column":60}},"32":{"start":{"line":38,"column":4},"end":{"line":38,"column":68}},"33":{"start":{"line":38,"column":15},"end":{"line":38,"column":68}},"34":{"start":{"line":40,"column":4},"end":{"line":42,"column":13}},"35":{"start":{"line":45,"column":17},"end":{"line":49,"column":3}},"36":{"start":{"line":46,"column":4},"end":{"line":48,"column":25}},"37":{"start":{"line":51,"column":2},"end":{"line":51,"column":52}}},"fnMap":{"0":{"name":"(anonymous_0)","decl":{"start":{"line":4,"column":17},"end":{"line":4,"column":18}},"loc":{"start":{"line":4,"column":26},"end":{"line":52,"column":1}},"line":4},"1":{"name":"(anonymous_1)","decl":{"start":{"line":5,"column":18},"end":{"line":5,"column":19}},"loc":{"start":{"line":5,"column":35},"end":{"line":7,"column":3}},"line":5},"2":{"name":"(anonymous_2)","decl":{"start":{"line":9,"column":18},"end":{"line":9,"column":19}},"loc":{"start":{"line":9,"column":35},"end":{"line":11,"column":3}},"line":9},"3":{"name":"(anonymous_3)","decl":{"start":{"line":13,"column":24},"end":{"line":13,"column":25}},"loc":{"start":{"line":13,"column":38},"end":{"line":16,"column":3}},"line":13},"4":{"name":"(anonymous_4)","decl":{"start":{"line":18,"column":15},"end":{"line":18,"column":16}},"loc":{"start":{"line":18,"column":31},"end":{"line":34,"column":3}},"line":18},"5":{"name":"(anonymous_5)","decl":{"start":{"line":36,"column":17},"end":{"line":36,"column":18}},"loc":{"start":{"line":36,"column":31},"end":{"line":43,"column":3}},"line":36},"6":{"name":"(anonymous_6)","decl":{"start":{"line":45,"column":17},"end":{"line":45,"column":18}},"loc":{"start":{"line":45,"column":31},"end":{"line":49,"column":3}},"line":45}},"branchMap":{"0":{"loc":{"start":{"line":5,"column":19},"end":{"line":5,"column":30}},"type":"default-arg","locations":[{"start":{"line":5,"column":28},"end":{"line":5,"column":30}}],"line":5},"1":{"loc":{"start":{"line":9,"column":19},"end":{"line":9,"column":30}},"type":"default-arg","locations":[{"start":{"line":9,"column":28},"end":{"line":9,"column":30}}],"line":9},"2":{"loc":{"start":{"line":19,"column":4},"end":{"line":19,"column":93}},"type":"if","locations":[{"start":{"line":19,"column":4},"end":{"line":19,"column":93}},{"start":{"line":19,"column":4},"end":{"line":19,"column":93}}],"line":19},"3":{"loc":{"start":{"line":20,"column":4},"end":{"line":20,"column":91}},"type":"if","locations":[{"start":{"line":20,"column":4},"end":{"line":20,"column":91}},{"start":{"line":20,"column":4},"end":{"line":20,"column":91}}],"line":20},"4":{"loc":{"start":{"line":21,"column":4},"end":{"line":21,"column":90}},"type":"if","locations":[{"start":{"line":21,"column":4},"end":{"line":21,"column":90}},{"start":{"line":21,"column":4},"end":{"line":21,"column":90}}],"line":21},"5":{"loc":{"start":{"line":22,"column":4},"end":{"line":22,"column":84}},"type":"if","locations":[{"start":{"line":22,"column":4},"end":{"line":22,"column":84}},{"start":{"line":22,"column":4},"end":{"line":22,"column":84}}],"line":22},"6":{"loc":{"start":{"line":23,"column":4},"end":{"line":23,"column":90}},"type":"if","locations":[{"start":{"line":23,"column":4},"end":{"line":23,"column":90}},{"start":{"line":23,"column":4},"end":{"line":23,"column":90}}],"line":23},"7":{"loc":{"start":{"line":26,"column":4},"end":{"line":26,"column":89}},"type":"if","locations":[{"start":{"line":26,"column":4},"end":{"line":26,"column":89}},{"start":{"line":26,"column":4},"end":{"line":26,"column":89}}],"line":26},"8":{"loc":{"start":{"line":29,"column":4},"end":{"line":29,"column":87}},"type":"if","locations":[{"start":{"line":29,"column":4},"end":{"line":29,"column":87}},{"start":{"line":29,"column":4},"end":{"line":29,"column":87}}],"line":29},"9":{"loc":{"start":{"line":38,"column":4},"end":{"line":38,"column":68}},"type":"if","locations":[{"start":{"line":38,"column":4},"end":{"line":38,"column":68}},{"start":{"line":38,"column":4},"end":{"line":38,"column":68}}],"line":38}},"s":{"0":9,"1":9,"2":9,"3":9,"4":1,"5":9,"6":100,"7":9,"8":14,"9":14,"10":9,"11":21,"12":1,"13":20,"14":1,"15":19,"16":1,"17":18,"18":1,"19":17,"20":1,"21":16,"22":16,"23":1,"24":15,"25":15,"26":1,"27":14,"28":14,"29":14,"30":9,"31":1,"32":1,"33":0,"34":1,"35":9,"36":1,"37":9},"f":{"0":9,"1":1,"2":100,"3":14,"4":21,"5":1,"6":1},"b":{"0":[1],"1":[0],"2":[1,20],"3":[1,19],"4":[1,18],"5":[1,17],"6":[1,16],"7":[1,15],"8":[1,14],"9":[0,1]},"_coverageSchema":"332fd63041d2c1bcb487cc26dd0d5f7d97098a6c","hash":"a1263f4eab2dd81f2861cd2c8f80250a78e72f07"}
}
