TN:
SF:D:\IPCA\2o Ano\Projeto final\Crypto-Challenge-BackEnd\API\knexfile.js
FNF:0
FNH:0
DA:1,9
LF:1
LH:1
BRF:0
BRH:0
end_of_record
TN:
SF:D:\IPCA\2o Ano\Projeto final\Crypto-Challenge-BackEnd\API\src\app.js
FN:27,(anonymous_0)
FN:31,(anonymous_1)
FNF:2
FNH:2
FNDA:1,(anonymous_0)
FNDA:27,(anonymous_1)
DA:1,9
DA:2,9
DA:3,9
DA:5,9
DA:6,9
DA:8,9
DA:9,9
DA:19,9
DA:27,9
DA:28,1
DA:31,9
DA:32,27
DA:33,27
DA:34,4
DA:36,0
DA:38,27
DA:41,9
LF:17
LH:16
BRDA:33,0,0,23
BRDA:33,0,1,4
BRDA:34,1,0,4
BRDA:34,1,1,0
BRF:4
BRH:3
end_of_record
TN:
SF:D:\IPCA\2o Ano\Projeto final\Crypto-Challenge-BackEnd\API\src\config\middlewares.js
FN:3,(anonymous_0)
FNF:1
FNH:1
FNDA:9,(anonymous_0)
DA:1,9
DA:3,9
DA:4,9
LF:3
LH:3
BRF:0
BRH:0
end_of_record
TN:
SF:D:\IPCA\2o Ano\Projeto final\Crypto-Challenge-BackEnd\API\src\config\passport.js
FN:8,(anonymous_0)
FN:14,(anonymous_1)
FN:16,(anonymous_2)
FN:19,(anonymous_3)
FN:25,(anonymous_4)
FNF:5
FNH:4
FNDA:9,(anonymous_0)
FNDA:52,(anonymous_1)
FNDA:52,(anonymous_2)
FNDA:0,(anonymous_3)
FNDA:9,(anonymous_4)
DA:1,9
DA:2,9
DA:4,9
DA:6,9
DA:8,9
DA:9,9
DA:14,9
DA:15,52
DA:17,52
DA:18,0
DA:19,0
DA:22,9
DA:24,9
DA:25,9
LF:14
LH:12
BRDA:17,0,0,52
BRDA:17,0,1,0
BRF:2
BRH:1
end_of_record
TN:
SF:D:\IPCA\2o Ano\Projeto final\Crypto-Challenge-BackEnd\API\src\config\router.js
FN:3,(anonymous_0)
FNF:1
FNH:1
FNDA:9,(anonymous_0)
DA:1,9
DA:3,9
DA:4,9
DA:6,9
DA:8,9
DA:9,9
DA:10,9
DA:11,9
DA:12,9
DA:13,9
DA:14,9
DA:16,9
LF:12
LH:12
BRF:0
BRH:0
end_of_record
TN:
SF:D:\IPCA\2o Ano\Projeto final\Crypto-Challenge-BackEnd\API\src\errors\forbiddenError.js
FN:1,forbiddenError
FNF:1
FNH:1
FNDA:4,forbiddenError
DA:1,9
DA:2,4
DA:3,4
LF:3
LH:3
BRDA:1,0,0,4
BRF:1
BRH:1
end_of_record
TN:
SF:D:\IPCA\2o Ano\Projeto final\Crypto-Challenge-BackEnd\API\src\errors\validationError.js
FN:1,validationError
FNF:1
FNH:1
FNDA:25,validationError
DA:1,9
DA:2,25
DA:3,25
LF:3
LH:3
BRF:0
BRH:0
end_of_record
TN:
SF:D:\IPCA\2o Ano\Projeto final\Crypto-Challenge-BackEnd\API\src\routes\auths.js
FN:8,(anonymous_0)
FN:11,(anonymous_1)
FN:13,(anonymous_2)
FN:23,(anonymous_3)
FN:26,(anonymous_4)
FNF:5
FNH:5
FNDA:9,(anonymous_0)
FNDA:3,(anonymous_1)
FNDA:3,(anonymous_2)
FNDA:2,(anonymous_3)
FNDA:1,(anonymous_4)
DA:1,9
DA:2,9
DA:3,9
DA:4,9
DA:6,9
DA:8,9
DA:9,9
DA:11,9
DA:12,3
DA:14,3
DA:15,2
DA:16,1
DA:20,1
DA:21,1
DA:22,1
DA:23,2
DA:26,9
DA:27,1
DA:28,1
DA:29,1
DA:31,0
DA:35,9
LF:22
LH:21
BRDA:14,0,0,1
BRDA:14,0,1,2
BRDA:15,1,0,1
BRDA:15,1,1,1
BRF:4
BRH:4
end_of_record
TN:
SF:D:\IPCA\2o Ano\Projeto final\Crypto-Challenge-BackEnd\API\src\routes\cryptos.js
FN:3,(anonymous_0)
FN:6,(anonymous_1)
FN:8,(anonymous_2)
FN:9,(anonymous_3)
FN:12,(anonymous_4)
FN:14,(anonymous_5)
FN:17,(anonymous_6)
FN:20,(anonymous_7)
FN:22,(anonymous_8)
FN:25,(anonymous_9)
FN:28,(anonymous_10)
FN:37,(anonymous_11)
FN:39,(anonymous_12)
FN:40,(anonymous_13)
FN:43,(anonymous_14)
FN:45,(anonymous_15)
FN:46,(anonymous_16)
FNF:17
FNH:12
FNDA:9,(anonymous_0)
FNDA:1,(anonymous_1)
FNDA:1,(anonymous_2)
FNDA:0,(anonymous_3)
FNDA:1,(anonymous_4)
FNDA:1,(anonymous_5)
FNDA:0,(anonymous_6)
FNDA:1,(anonymous_7)
FNDA:1,(anonymous_8)
FNDA:0,(anonymous_9)
FNDA:2,(anonymous_10)
FNDA:1,(anonymous_11)
FNDA:1,(anonymous_12)
FNDA:0,(anonymous_13)
FNDA:1,(anonymous_14)
FNDA:1,(anonymous_15)
FNDA:0,(anonymous_16)
DA:1,9
DA:3,9
DA:4,9
DA:6,9
DA:7,1
DA:8,1
DA:9,0
DA:12,9
DA:13,1
DA:15,1
DA:17,0
DA:20,9
DA:21,1
DA:23,1
DA:25,0
DA:28,9
DA:29,2
DA:30,2
DA:31,1
DA:33,1
DA:37,9
DA:38,1
DA:39,1
DA:40,0
DA:43,9
DA:44,1
DA:45,1
DA:46,0
DA:49,9
LF:29
LH:24
BRF:0
BRH:0
end_of_record
TN:
SF:D:\IPCA\2o Ano\Projeto final\Crypto-Challenge-BackEnd\API\src\routes\gameWallet.js
FN:4,(anonymous_0)
FN:7,(anonymous_1)
FN:9,(anonymous_2)
FN:12,(anonymous_3)
FN:16,(anonymous_4)
FN:20,(anonymous_5)
FN:21,(anonymous_6)
FNF:7
FNH:6
FNDA:9,(anonymous_0)
FNDA:2,(anonymous_1)
FNDA:2,(anonymous_2)
FNDA:1,(anonymous_3)
FNDA:1,(anonymous_4)
FNDA:1,(anonymous_5)
FNDA:0,(anonymous_6)
DA:1,9
DA:2,9
DA:4,9
DA:5,9
DA:7,9
DA:8,2
DA:10,2
DA:11,1
DA:12,1
DA:16,9
DA:17,1
DA:19,1
DA:20,1
DA:21,0
DA:24,9
LF:15
LH:14
BRDA:10,0,0,1
BRDA:10,0,1,1
BRF:2
BRH:2
end_of_record
TN:
SF:D:\IPCA\2o Ano\Projeto final\Crypto-Challenge-BackEnd\API\src\routes\games.js
FN:4,(anonymous_0)
FN:7,(anonymous_1)
FN:9,(anonymous_2)
FN:10,(anonymous_3)
FN:13,(anonymous_4)
FN:22,(anonymous_5)
FN:24,(anonymous_6)
FN:27,(anonymous_7)
FN:36,(anonymous_8)
FN:38,(anonymous_9)
FN:39,(anonymous_10)
FNF:11
FNH:8
FNDA:9,(anonymous_0)
FNDA:1,(anonymous_1)
FNDA:1,(anonymous_2)
FNDA:0,(anonymous_3)
FNDA:1,(anonymous_4)
FNDA:1,(anonymous_5)
FNDA:1,(anonymous_6)
FNDA:0,(anonymous_7)
FNDA:1,(anonymous_8)
FNDA:1,(anonymous_9)
FNDA:0,(anonymous_10)
DA:1,9
DA:2,9
DA:4,9
DA:5,9
DA:7,9
DA:8,1
DA:9,1
DA:10,0
DA:13,9
DA:14,1
DA:15,1
DA:16,1
DA:18,0
DA:22,9
DA:23,1
DA:25,1
DA:27,0
DA:36,9
DA:37,1
DA:38,1
DA:39,0
DA:42,9
LF:22
LH:18
BRF:0
BRH:0
end_of_record
TN:
SF:D:\IPCA\2o Ano\Projeto final\Crypto-Challenge-BackEnd\API\src\routes\gamesUsers.js
FN:4,(anonymous_0)
FN:7,(anonymous_1)
FN:9,(anonymous_2)
FN:12,(anonymous_3)
FN:15,(anonymous_4)
FN:17,(anonymous_5)
FN:20,(anonymous_6)
FNF:7
FNH:7
FNDA:9,(anonymous_0)
FNDA:4,(anonymous_1)
FNDA:4,(anonymous_2)
FNDA:1,(anonymous_3)
FNDA:3,(anonymous_4)
FNDA:1,(anonymous_5)
FNDA:2,(anonymous_6)
DA:1,9
DA:2,9
DA:4,9
DA:5,9
DA:7,9
DA:8,4
DA:10,4
DA:11,3
DA:12,1
DA:15,9
DA:16,3
DA:18,1
DA:20,2
DA:23,9
LF:14
LH:14
BRDA:10,0,0,1
BRDA:10,0,1,3
BRDA:10,1,0,4
BRDA:10,1,1,1
BRF:4
BRH:4
end_of_record
TN:
SF:D:\IPCA\2o Ano\Projeto final\Crypto-Challenge-BackEnd\API\src\routes\leaderboards.js
FN:4,(anonymous_0)
FN:7,(anonymous_1)
FN:9,(anonymous_2)
FN:12,(anonymous_3)
FN:15,(anonymous_4)
FN:17,(anonymous_5)
FN:20,(anonymous_6)
FNF:7
FNH:5
FNDA:9,(anonymous_0)
FNDA:2,(anonymous_1)
FNDA:1,(anonymous_2)
FNDA:0,(anonymous_3)
FNDA:1,(anonymous_4)
FNDA:1,(anonymous_5)
FNDA:0,(anonymous_6)
DA:1,9
DA:2,9
DA:4,9
DA:5,9
DA:7,9
DA:8,2
DA:10,1
DA:11,1
DA:12,0
DA:15,9
DA:16,1
DA:18,1
DA:20,0
DA:23,9
LF:14
LH:12
BRDA:10,0,0,0
BRDA:10,0,1,1
BRF:2
BRH:1
end_of_record
TN:
SF:D:\IPCA\2o Ano\Projeto final\Crypto-Challenge-BackEnd\API\src\routes\transactions.js
FN:4,(anonymous_0)
FN:7,(anonymous_1)
FN:9,(anonymous_2)
FN:12,(anonymous_3)
FN:15,(anonymous_4)
FN:17,(anonymous_5)
FN:18,(anonymous_6)
FN:21,(anonymous_7)
FN:23,(anonymous_8)
FN:26,(anonymous_9)
FN:29,(anonymous_10)
FN:31,(anonymous_11)
FN:34,(anonymous_12)
FNF:13
FNH:11
FNDA:9,(anonymous_0)
FNDA:2,(anonymous_1)
FNDA:2,(anonymous_2)
FNDA:1,(anonymous_3)
FNDA:15,(anonymous_4)
FNDA:6,(anonymous_5)
FNDA:9,(anonymous_6)
FNDA:1,(anonymous_7)
FNDA:1,(anonymous_8)
FNDA:0,(anonymous_9)
FNDA:1,(anonymous_10)
FNDA:1,(anonymous_11)
FNDA:0,(anonymous_12)
DA:1,9
DA:2,9
DA:4,9
DA:5,9
DA:7,9
DA:8,2
DA:10,2
DA:11,1
DA:12,1
DA:15,9
DA:16,15
DA:17,6
DA:18,9
DA:21,9
DA:22,1
DA:24,1
DA:26,0
DA:29,9
DA:30,1
DA:32,1
DA:34,0
DA:37,9
LF:22
LH:20
BRDA:10,0,0,1
BRDA:10,0,1,1
BRF:2
BRH:2
end_of_record
TN:
SF:D:\IPCA\2o Ano\Projeto final\Crypto-Challenge-BackEnd\API\src\routes\users.js
FN:6,(anonymous_0)
FN:9,(anonymous_1)
FN:11,(anonymous_2)
FN:15,(anonymous_3)
FN:18,(anonymous_4)
FN:20,(anonymous_5)
FN:21,(anonymous_6)
FN:24,(anonymous_7)
FN:33,(anonymous_8)
FN:35,(anonymous_9)
FN:38,(anonymous_10)
FN:41,(anonymous_11)
FN:43,(anonymous_12)
FN:44,(anonymous_13)
FN:47,(anonymous_14)
FN:49,(anonymous_15)
FN:50,(anonymous_16)
FNF:17
FNH:13
FNDA:9,(anonymous_0)
FNDA:5,(anonymous_1)
FNDA:5,(anonymous_2)
FNDA:2,(anonymous_3)
FNDA:1,(anonymous_4)
FNDA:1,(anonymous_5)
FNDA:0,(anonymous_6)
FNDA:9,(anonymous_7)
FNDA:1,(anonymous_8)
FNDA:1,(anonymous_9)
FNDA:0,(anonymous_10)
FNDA:1,(anonymous_11)
FNDA:1,(anonymous_12)
FNDA:0,(anonymous_13)
FNDA:1,(anonymous_14)
FNDA:1,(anonymous_15)
FNDA:0,(anonymous_16)
DA:1,9
DA:2,9
DA:3,9
DA:6,9
DA:7,9
DA:9,9
DA:10,5
DA:12,5
DA:13,4
DA:14,3
DA:15,2
DA:18,9
DA:19,1
DA:20,1
DA:21,0
DA:24,9
DA:25,9
DA:26,9
DA:27,2
DA:29,7
DA:33,9
DA:34,1
DA:36,1
DA:38,0
DA:41,9
DA:42,1
DA:43,1
DA:44,0
DA:47,9
DA:48,1
DA:49,1
DA:50,0
DA:53,9
LF:33
LH:29
BRDA:12,0,0,1
BRDA:12,0,1,4
BRDA:13,1,0,1
BRDA:13,1,1,3
BRF:4
BRH:4
end_of_record
TN:
SF:D:\IPCA\2o Ano\Projeto final\Crypto-Challenge-BackEnd\API\src\services\crypto.js
FN:9,(anonymous_0)
FN:10,(anonymous_1)
FN:14,(anonymous_2)
FN:18,(anonymous_3)
FN:27,(anonymous_4)
FN:33,(anonymous_5)
FN:42,(anonymous_6)
FNF:7
FNH:7
FNDA:9,(anonymous_0)
FNDA:9,(anonymous_1)
FNDA:4,(anonymous_2)
FNDA:2,(anonymous_3)
FNDA:1,(anonymous_4)
FNDA:1,(anonymous_5)
FNDA:1,(anonymous_6)
DA:1,9
DA:2,9
DA:9,9
DA:10,9
DA:11,9
DA:14,9
DA:15,4
DA:18,9
DA:19,2
DA:21,2
DA:22,2
DA:24,1
DA:27,9
DA:28,1
DA:33,9
DA:34,1
DA:35,1
DA:37,1
DA:42,9
DA:43,1
DA:44,1
DA:47,1
DA:48,1
DA:49,1
DA:50,1
DA:51,1
DA:52,1
DA:54,1
DA:55,4
DA:61,4
DA:64,1
DA:67,9
LF:32
LH:32
BRDA:10,0,0,9
BRDA:14,1,0,0
BRDA:19,2,0,0
BRDA:19,2,1,2
BRDA:22,3,0,1
BRDA:22,3,1,1
BRDA:35,4,0,0
BRDA:35,4,1,1
BRDA:44,5,0,0
BRDA:44,5,1,1
BRF:10
BRH:6
end_of_record
TN:
SF:D:\IPCA\2o Ano\Projeto final\Crypto-Challenge-BackEnd\API\src\services\game.js
FN:8,(anonymous_0)
FN:9,(anonymous_1)
FN:13,(anonymous_2)
FN:18,(anonymous_3)
FN:36,(anonymous_4)
FNF:5
FNH:5
FNDA:9,(anonymous_0)
FNDA:1,(anonymous_1)
FNDA:2,(anonymous_2)
FNDA:7,(anonymous_3)
FNDA:1,(anonymous_4)
DA:1,9
DA:2,9
DA:3,9
DA:4,9
DA:5,9
DA:8,9
DA:9,9
DA:10,1
DA:13,9
DA:14,2
DA:15,2
DA:18,9
DA:20,7
DA:23,7
DA:24,7
DA:25,7
DA:26,7
DA:28,7
DA:29,7
DA:30,7
DA:31,7
DA:33,7
DA:36,9
DA:37,1
DA:51,9
LF:25
LH:25
BRDA:9,0,0,1
BRDA:13,1,0,0
BRDA:14,2,0,0
BRDA:14,2,1,2
BRDA:20,3,0,0
BRDA:20,3,1,7
BRF:6
BRH:3
end_of_record
TN:
SF:D:\IPCA\2o Ano\Projeto final\Crypto-Challenge-BackEnd\API\src\services\gameUser.js
FN:6,(anonymous_0)
FN:7,(anonymous_1)
FN:11,(anonymous_2)
FN:15,(anonymous_3)
FN:24,(anonymous_4)
FN:45,(anonymous_5)
FN:63,(anonymous_6)
FNF:7
FNH:6
FNDA:9,(anonymous_0)
FNDA:0,(anonymous_1)
FNDA:1,(anonymous_2)
FNDA:20,(anonymous_3)
FNDA:10,(anonymous_4)
FNDA:7,(anonymous_5)
FNDA:7,(anonymous_6)
DA:1,9
DA:2,9
DA:3,9
DA:6,9
DA:7,9
DA:8,0
DA:11,9
DA:12,1
DA:15,9
DA:16,20
DA:17,20
DA:18,20
DA:19,10
DA:21,19
DA:24,9
DA:27,10
DA:28,9
DA:30,8
DA:31,8
DA:34,8
DA:36,8
DA:38,8
DA:39,32
DA:41,8
DA:45,9
DA:46,7
DA:47,7
DA:50,7
DA:51,2
DA:54,5
DA:55,4
DA:58,6
DA:63,9
DA:64,7
DA:65,7
DA:68,9
LF:36
LH:35
BRDA:7,0,0,0
BRDA:11,1,0,0
BRDA:15,2,0,0
BRDA:17,3,0,0
BRDA:17,3,1,20
BRDA:18,4,0,10
BRDA:18,4,1,10
BRDA:19,5,0,1
BRDA:19,5,1,9
BRDA:27,6,0,1
BRDA:27,6,1,9
BRDA:28,7,0,1
BRDA:28,7,1,8
BRDA:31,8,0,0
BRDA:31,8,1,8
BRDA:50,9,0,2
BRDA:50,9,1,5
BRDA:54,10,0,1
BRDA:54,10,1,4
BRF:19
BRH:14
end_of_record
TN:
SF:D:\IPCA\2o Ano\Projeto final\Crypto-Challenge-BackEnd\API\src\services\gameWallet.js
FN:3,(anonymous_0)
FN:4,(anonymous_1)
FN:8,(anonymous_2)
FN:18,(anonymous_3)
FN:26,(anonymous_4)
FNF:5
FNH:5
FNDA:9,(anonymous_0)
FNDA:7,(anonymous_1)
FNDA:1,(anonymous_2)
FNDA:34,(anonymous_3)
FNDA:7,(anonymous_4)
DA:1,9
DA:3,9
DA:4,9
DA:5,7
DA:8,9
DA:9,1
DA:14,1
DA:15,1
DA:18,9
DA:19,34
DA:20,33
DA:22,32
DA:26,9
DA:27,7
DA:28,7
DA:31,7
DA:32,4
DA:35,3
DA:36,2
DA:39,6
DA:44,9
LF:21
LH:21
BRDA:4,0,0,0
BRDA:19,1,0,1
BRDA:19,1,1,33
BRDA:20,2,0,1
BRDA:20,2,1,32
BRDA:31,3,0,4
BRDA:31,3,1,3
BRDA:35,4,0,1
BRDA:35,4,1,2
BRF:9
BRH:8
end_of_record
TN:
SF:D:\IPCA\2o Ano\Projeto final\Crypto-Challenge-BackEnd\API\src\services\leaderboard.js
FN:3,(anonymous_0)
FN:4,(anonymous_1)
FNF:2
FNH:2
FNDA:9,(anonymous_0)
FNDA:1,(anonymous_1)
DA:1,9
DA:3,9
DA:4,9
DA:5,1
DA:12,9
LF:5
LH:5
BRDA:4,0,0,0
BRF:1
BRH:0
end_of_record
TN:
SF:D:\IPCA\2o Ano\Projeto final\Crypto-Challenge-BackEnd\API\src\services\transaction.js
FN:3,(anonymous_0)
FN:6,(anonymous_1)
FN:20,(anonymous_2)
FN:26,(anonymous_3)
FN:59,(anonymous_4)
FNF:5
FNH:4
FNDA:9,(anonymous_0)
FNDA:1,(anonymous_1)
FNDA:1,(anonymous_2)
FNDA:15,(anonymous_3)
FNDA:0,(anonymous_4)
DA:1,9
DA:3,9
DA:6,9
DA:9,1
DA:10,1
DA:11,1
DA:12,2
DA:15,1
DA:20,9
DA:21,1
DA:26,9
DA:27,15
DA:28,14
DA:29,13
DA:30,12
DA:31,11
DA:32,10
DA:33,9
DA:36,8
DA:38,5
DA:40,4
DA:44,3
DA:46,2
DA:49,6
DA:50,6
DA:52,0
DA:55,6
DA:59,9
DA:60,0
DA:71,9
LF:30
LH:28
BRDA:6,0,0,0
BRDA:20,1,0,0
BRDA:27,2,0,1
BRDA:27,2,1,14
BRDA:28,3,0,1
BRDA:28,3,1,13
BRDA:29,4,0,1
BRDA:29,4,1,12
BRDA:30,5,0,1
BRDA:30,5,1,11
BRDA:31,6,0,1
BRDA:31,6,1,10
BRDA:32,7,0,1
BRDA:32,7,1,9
BRDA:33,8,0,1
BRDA:33,8,1,8
BRDA:33,9,0,9
BRDA:33,9,1,4
BRDA:36,10,0,5
BRDA:36,10,1,3
BRDA:50,11,0,0
BRDA:50,11,1,6
BRDA:50,12,0,6
BRDA:50,12,1,4
BRDA:50,12,2,6
BRDA:50,12,3,2
BRF:26
BRH:23
end_of_record
TN:
SF:D:\IPCA\2o Ano\Projeto final\Crypto-Challenge-BackEnd\API\src\services\user.js
FN:4,(anonymous_0)
FN:5,(anonymous_1)
FN:9,(anonymous_2)
FN:13,(anonymous_3)
FN:18,(anonymous_4)
FN:36,(anonymous_5)
FN:45,(anonymous_6)
FNF:7
FNH:7
FNDA:9,(anonymous_0)
FNDA:1,(anonymous_1)
FNDA:100,(anonymous_2)
FNDA:14,(anonymous_3)
FNDA:21,(anonymous_4)
FNDA:1,(anonymous_5)
FNDA:1,(anonymous_6)
DA:1,9
DA:2,9
DA:4,9
DA:5,9
DA:6,1
DA:9,9
DA:10,100
DA:13,9
DA:14,14
DA:15,14
DA:18,9
DA:19,21
DA:20,20
DA:21,19
DA:22,18
DA:23,17
DA:25,16
DA:26,16
DA:28,15
DA:29,15
DA:31,14
DA:32,14
DA:33,14
DA:36,9
DA:37,1
DA:38,1
DA:40,1
DA:45,9
DA:46,1
DA:51,9
LF:30
LH:30
BRDA:5,0,0,1
BRDA:9,1,0,0
BRDA:19,2,0,1
BRDA:19,2,1,20
BRDA:20,3,0,1
BRDA:20,3,1,19
BRDA:21,4,0,1
BRDA:21,4,1,18
BRDA:22,5,0,1
BRDA:22,5,1,17
BRDA:23,6,0,1
BRDA:23,6,1,16
BRDA:26,7,0,1
BRDA:26,7,1,15
BRDA:29,8,0,1
BRDA:29,8,1,14
BRDA:38,9,0,0
BRDA:38,9,1,1
BRF:18
BRH:16
end_of_record
